[1.073s] DEBUG:colcon:Command line arguments: ['/usr/bin/colcon', 'build']
[1.073s] DEBUG:colcon:Parsed command line arguments: Namespace(log_base=None, log_level=None, verb_name='build', build_base='build', install_base='install', merge_install=False, symlink_install=False, test_result_base=None, continue_on_error=False, executor='parallel', parallel_workers=8, event_handlers=None, ignore_user_meta=False, metas=['./colcon.meta'], base_paths=['.'], packages_ignore=None, packages_ignore_regex=None, paths=None, packages_up_to=None, packages_up_to_regex=None, packages_above=None, packages_above_and_dependencies=None, packages_above_depth=None, packages_select_by_dep=None, packages_skip_by_dep=None, packages_skip_up_to=None, packages_select_build_failed=False, packages_skip_build_finished=False, packages_select_test_failures=False, packages_skip_test_passed=False, packages_select=None, packages_skip=None, packages_select_regex=None, packages_skip_regex=None, packages_start=None, packages_end=None, allow_overriding=[], cmake_args=None, cmake_target=None, cmake_target_skip_unavailable=False, cmake_clean_cache=False, cmake_clean_first=False, cmake_force_configure=False, ament_cmake_args=None, catkin_cmake_args=None, catkin_skip_building_tests=False, verb_parser=<colcon_defaults.argument_parser.defaults.DefaultArgumentsDecorator object at 0x7fd843077a90>, verb_extension=<colcon_core.verb.build.BuildVerb object at 0x7fd843074760>, main=<bound method BuildVerb.main of <colcon_core.verb.build.BuildVerb object at 0x7fd843074760>>)
[1.121s] Level 1:colcon.colcon_core.package_discovery:discover_packages(colcon_meta) check parameters
[1.121s] Level 1:colcon.colcon_core.package_discovery:discover_packages(recursive) check parameters
[1.122s] Level 1:colcon.colcon_core.package_discovery:discover_packages(ignore) check parameters
[1.122s] Level 1:colcon.colcon_core.package_discovery:discover_packages(path) check parameters
[1.122s] Level 1:colcon.colcon_core.package_discovery:discover_packages(colcon_meta) discover
[1.122s] Level 1:colcon.colcon_core.package_discovery:discover_packages(recursive) discover
[1.122s] INFO:colcon.colcon_core.package_discovery:Crawling recursively for packages in '/home/pulak/ros2_workspace'
[1.122s] Level 1:colcon.colcon_core.package_identification:_identify(.) by extensions ['ignore', 'ignore_ament_install']
[1.122s] Level 1:colcon.colcon_core.package_identification:_identify(.) by extension 'ignore'
[1.122s] Level 1:colcon.colcon_core.package_identification:_identify(.) by extension 'ignore_ament_install'
[1.122s] Level 1:colcon.colcon_core.package_identification:_identify(.) by extensions ['colcon_pkg']
[1.122s] Level 1:colcon.colcon_core.package_identification:_identify(.) by extension 'colcon_pkg'
[1.122s] Level 1:colcon.colcon_core.package_identification:_identify(.) by extensions ['colcon_meta']
[1.122s] Level 1:colcon.colcon_core.package_identification:_identify(.) by extension 'colcon_meta'
[1.122s] Level 1:colcon.colcon_core.package_identification:_identify(.) by extensions ['ros']
[1.122s] Level 1:colcon.colcon_core.package_identification:_identify(.) by extension 'ros'
[1.134s] Level 1:colcon.colcon_core.package_identification:_identify(.) by extensions ['cmake', 'python']
[1.134s] Level 1:colcon.colcon_core.package_identification:_identify(.) by extension 'cmake'
[1.134s] Level 1:colcon.colcon_core.package_identification:_identify(.) by extension 'python'
[1.134s] Level 1:colcon.colcon_core.package_identification:_identify(.) by extensions ['python_setup_py']
[1.134s] Level 1:colcon.colcon_core.package_identification:_identify(.) by extension 'python_setup_py'
[1.134s] Level 1:colcon.colcon_core.package_identification:_identify(build) by extensions ['ignore', 'ignore_ament_install']
[1.134s] Level 1:colcon.colcon_core.package_identification:_identify(build) by extension 'ignore'
[1.134s] Level 1:colcon.colcon_core.package_identification:_identify(build) ignored
[1.135s] Level 1:colcon.colcon_core.package_identification:_identify(install) by extensions ['ignore', 'ignore_ament_install']
[1.135s] Level 1:colcon.colcon_core.package_identification:_identify(install) by extension 'ignore'
[1.135s] Level 1:colcon.colcon_core.package_identification:_identify(install) ignored
[1.135s] Level 1:colcon.colcon_core.package_identification:_identify(log) by extensions ['ignore', 'ignore_ament_install']
[1.135s] Level 1:colcon.colcon_core.package_identification:_identify(log) by extension 'ignore'
[1.135s] Level 1:colcon.colcon_core.package_identification:_identify(log) ignored
[1.135s] Level 1:colcon.colcon_core.package_identification:_identify(src) by extensions ['ignore', 'ignore_ament_install']
[1.135s] Level 1:colcon.colcon_core.package_identification:_identify(src) by extension 'ignore'
[1.135s] Level 1:colcon.colcon_core.package_identification:_identify(src) by extension 'ignore_ament_install'
[1.135s] Level 1:colcon.colcon_core.package_identification:_identify(src) by extensions ['colcon_pkg']
[1.135s] Level 1:colcon.colcon_core.package_identification:_identify(src) by extension 'colcon_pkg'
[1.135s] Level 1:colcon.colcon_core.package_identification:_identify(src) by extensions ['colcon_meta']
[1.135s] Level 1:colcon.colcon_core.package_identification:_identify(src) by extension 'colcon_meta'
[1.135s] Level 1:colcon.colcon_core.package_identification:_identify(src) by extensions ['ros']
[1.136s] Level 1:colcon.colcon_core.package_identification:_identify(src) by extension 'ros'
[1.136s] Level 1:colcon.colcon_core.package_identification:_identify(src) by extensions ['cmake', 'python']
[1.136s] Level 1:colcon.colcon_core.package_identification:_identify(src) by extension 'cmake'
[1.136s] Level 1:colcon.colcon_core.package_identification:_identify(src) by extension 'python'
[1.136s] Level 1:colcon.colcon_core.package_identification:_identify(src) by extensions ['python_setup_py']
[1.136s] Level 1:colcon.colcon_core.package_identification:_identify(src) by extension 'python_setup_py'
[1.136s] Level 1:colcon.colcon_core.package_identification:_identify(src/sonar_slam_bringup) by extensions ['ignore', 'ignore_ament_install']
[1.136s] Level 1:colcon.colcon_core.package_identification:_identify(src/sonar_slam_bringup) by extension 'ignore'
[1.136s] Level 1:colcon.colcon_core.package_identification:_identify(src/sonar_slam_bringup) by extension 'ignore_ament_install'
[1.136s] Level 1:colcon.colcon_core.package_identification:_identify(src/sonar_slam_bringup) by extensions ['colcon_pkg']
[1.136s] Level 1:colcon.colcon_core.package_identification:_identify(src/sonar_slam_bringup) by extension 'colcon_pkg'
[1.136s] Level 1:colcon.colcon_core.package_identification:_identify(src/sonar_slam_bringup) by extensions ['colcon_meta']
[1.136s] Level 1:colcon.colcon_core.package_identification:_identify(src/sonar_slam_bringup) by extension 'colcon_meta'
[1.136s] Level 1:colcon.colcon_core.package_identification:_identify(src/sonar_slam_bringup) by extensions ['ros']
[1.136s] Level 1:colcon.colcon_core.package_identification:_identify(src/sonar_slam_bringup) by extension 'ros'
[1.140s] DEBUG:colcon.colcon_core.package_identification:Package 'src/sonar_slam_bringup' with type 'ros.ament_cmake' and name 'sonar_slam_bringup'
[1.140s] Level 1:colcon.colcon_core.package_identification:_identify(src/sonar_slam_description) by extensions ['ignore', 'ignore_ament_install']
[1.140s] Level 1:colcon.colcon_core.package_identification:_identify(src/sonar_slam_description) by extension 'ignore'
[1.140s] Level 1:colcon.colcon_core.package_identification:_identify(src/sonar_slam_description) by extension 'ignore_ament_install'
[1.140s] Level 1:colcon.colcon_core.package_identification:_identify(src/sonar_slam_description) by extensions ['colcon_pkg']
[1.140s] Level 1:colcon.colcon_core.package_identification:_identify(src/sonar_slam_description) by extension 'colcon_pkg'
[1.140s] Level 1:colcon.colcon_core.package_identification:_identify(src/sonar_slam_description) by extensions ['colcon_meta']
[1.140s] Level 1:colcon.colcon_core.package_identification:_identify(src/sonar_slam_description) by extension 'colcon_meta'
[1.140s] Level 1:colcon.colcon_core.package_identification:_identify(src/sonar_slam_description) by extensions ['ros']
[1.140s] Level 1:colcon.colcon_core.package_identification:_identify(src/sonar_slam_description) by extension 'ros'
[1.141s] DEBUG:colcon.colcon_core.package_identification:Package 'src/sonar_slam_description' with type 'ros.ament_cmake' and name 'sonar_slam_description'
[1.141s] Level 1:colcon.colcon_core.package_discovery:discover_packages(recursive) using defaults
[1.141s] Level 1:colcon.colcon_core.package_discovery:discover_packages(ignore) discover
[1.141s] Level 1:colcon.colcon_core.package_discovery:discover_packages(ignore) using defaults
[1.141s] Level 1:colcon.colcon_core.package_discovery:discover_packages(path) discover
[1.141s] Level 1:colcon.colcon_core.package_discovery:discover_packages(path) using defaults
[1.237s] Level 1:colcon.colcon_core.package_discovery:discover_packages(prefix_path) check parameters
[1.237s] Level 1:colcon.colcon_core.package_discovery:discover_packages(prefix_path) discover
[1.270s] DEBUG:colcon.colcon_installed_package_information.package_discovery:Found 2 installed packages in /home/pulak/ros2_workspace/install
[1.286s] DEBUG:colcon.colcon_installed_package_information.package_discovery:Found 281 installed packages in /opt/ros/humble
[1.288s] Level 1:colcon.colcon_core.package_discovery:discover_packages(prefix_path) using defaults
[1.385s] Level 5:colcon.colcon_core.verb:set package 'sonar_slam_description' build argument 'cmake_args' from command line to 'None'
[1.386s] Level 5:colcon.colcon_core.verb:set package 'sonar_slam_description' build argument 'cmake_target' from command line to 'None'
[1.386s] Level 5:colcon.colcon_core.verb:set package 'sonar_slam_description' build argument 'cmake_target_skip_unavailable' from command line to 'False'
[1.386s] Level 5:colcon.colcon_core.verb:set package 'sonar_slam_description' build argument 'cmake_clean_cache' from command line to 'False'
[1.386s] Level 5:colcon.colcon_core.verb:set package 'sonar_slam_description' build argument 'cmake_clean_first' from command line to 'False'
[1.386s] Level 5:colcon.colcon_core.verb:set package 'sonar_slam_description' build argument 'cmake_force_configure' from command line to 'False'
[1.386s] Level 5:colcon.colcon_core.verb:set package 'sonar_slam_description' build argument 'ament_cmake_args' from command line to 'None'
[1.386s] Level 5:colcon.colcon_core.verb:set package 'sonar_slam_description' build argument 'catkin_cmake_args' from command line to 'None'
[1.386s] Level 5:colcon.colcon_core.verb:set package 'sonar_slam_description' build argument 'catkin_skip_building_tests' from command line to 'False'
[1.386s] DEBUG:colcon.colcon_core.verb:Building package 'sonar_slam_description' with the following arguments: {'ament_cmake_args': None, 'build_base': '/home/pulak/ros2_workspace/build/sonar_slam_description', 'catkin_cmake_args': None, 'catkin_skip_building_tests': False, 'cmake_args': None, 'cmake_clean_cache': False, 'cmake_clean_first': False, 'cmake_force_configure': False, 'cmake_target': None, 'cmake_target_skip_unavailable': False, 'install_base': '/home/pulak/ros2_workspace/install/sonar_slam_description', 'merge_install': False, 'path': '/home/pulak/ros2_workspace/src/sonar_slam_description', 'symlink_install': False, 'test_result_base': None}
[1.403s] Level 5:colcon.colcon_core.verb:set package 'sonar_slam_bringup' build argument 'cmake_args' from command line to 'None'
[1.403s] Level 5:colcon.colcon_core.verb:set package 'sonar_slam_bringup' build argument 'cmake_target' from command line to 'None'
[1.403s] Level 5:colcon.colcon_core.verb:set package 'sonar_slam_bringup' build argument 'cmake_target_skip_unavailable' from command line to 'False'
[1.403s] Level 5:colcon.colcon_core.verb:set package 'sonar_slam_bringup' build argument 'cmake_clean_cache' from command line to 'False'
[1.403s] Level 5:colcon.colcon_core.verb:set package 'sonar_slam_bringup' build argument 'cmake_clean_first' from command line to 'False'
[1.403s] Level 5:colcon.colcon_core.verb:set package 'sonar_slam_bringup' build argument 'cmake_force_configure' from command line to 'False'
[1.403s] Level 5:colcon.colcon_core.verb:set package 'sonar_slam_bringup' build argument 'ament_cmake_args' from command line to 'None'
[1.403s] Level 5:colcon.colcon_core.verb:set package 'sonar_slam_bringup' build argument 'catkin_cmake_args' from command line to 'None'
[1.403s] Level 5:colcon.colcon_core.verb:set package 'sonar_slam_bringup' build argument 'catkin_skip_building_tests' from command line to 'False'
[1.403s] DEBUG:colcon.colcon_core.verb:Building package 'sonar_slam_bringup' with the following arguments: {'ament_cmake_args': None, 'build_base': '/home/pulak/ros2_workspace/build/sonar_slam_bringup', 'catkin_cmake_args': None, 'catkin_skip_building_tests': False, 'cmake_args': None, 'cmake_clean_cache': False, 'cmake_clean_first': False, 'cmake_force_configure': False, 'cmake_target': None, 'cmake_target_skip_unavailable': False, 'install_base': '/home/pulak/ros2_workspace/install/sonar_slam_bringup', 'merge_install': False, 'path': '/home/pulak/ros2_workspace/src/sonar_slam_bringup', 'symlink_install': False, 'test_result_base': None}
[1.418s] INFO:colcon.colcon_core.executor:Executing jobs using 'parallel' executor
[1.434s] DEBUG:colcon.colcon_parallel_executor.executor.parallel:run_until_complete
[1.434s] INFO:colcon.colcon_ros.task.ament_cmake.build:Building ROS package in '/home/pulak/ros2_workspace/src/sonar_slam_description' with build type 'ament_cmake'
[1.434s] INFO:colcon.colcon_cmake.task.cmake.build:Building CMake package in '/home/pulak/ros2_workspace/src/sonar_slam_description'
[1.452s] INFO:colcon.colcon_core.plugin_system:Skipping extension 'colcon_core.shell.bat': Not used on non-Windows systems
[1.452s] INFO:colcon.colcon_core.shell:Skip shell extension 'powershell' for command environment: Not usable outside of PowerShell
[1.452s] DEBUG:colcon.colcon_core.shell:Skip shell extension 'dsv' for command environment
[1.515s] DEBUG:colcon.colcon_core.event_handler.log_command:Invoking command in '/home/pulak/ros2_workspace/build/sonar_slam_description': CMAKE_PREFIX_PATH=${CMAKE_PREFIX_PATH}:/opt/ros/humble /usr/bin/cmake --build /home/pulak/ros2_workspace/build/sonar_slam_description -- -j8 -l8
[1.600s] DEBUG:colcon.colcon_core.event_handler.log_command:Invoked command in '/home/pulak/ros2_workspace/build/sonar_slam_description' returned '0': CMAKE_PREFIX_PATH=${CMAKE_PREFIX_PATH}:/opt/ros/humble /usr/bin/cmake --build /home/pulak/ros2_workspace/build/sonar_slam_description -- -j8 -l8
[1.661s] DEBUG:colcon.colcon_core.event_handler.log_command:Invoking command in '/home/pulak/ros2_workspace/build/sonar_slam_description': CMAKE_PREFIX_PATH=${CMAKE_PREFIX_PATH}:/opt/ros/humble /usr/bin/cmake --install /home/pulak/ros2_workspace/build/sonar_slam_description
[1.691s] Level 1:colcon.colcon_core.environment:create_environment_scripts_only(sonar_slam_description)
[1.692s] DEBUG:colcon.colcon_core.event_handler.log_command:Invoked command in '/home/pulak/ros2_workspace/build/sonar_slam_description' returned '0': CMAKE_PREFIX_PATH=${CMAKE_PREFIX_PATH}:/opt/ros/humble /usr/bin/cmake --install /home/pulak/ros2_workspace/build/sonar_slam_description
[1.710s] Level 1:colcon.colcon_core.environment:checking '/home/pulak/ros2_workspace/install/sonar_slam_description' for CMake module files
[1.711s] Level 1:colcon.colcon_core.environment:checking '/home/pulak/ros2_workspace/install/sonar_slam_description' for CMake config files
[1.711s] Level 1:colcon.colcon_core.shell:create_environment_hook('sonar_slam_description', 'cmake_prefix_path')
[1.728s] INFO:colcon.colcon_core.shell:Creating environment hook '/home/pulak/ros2_workspace/install/sonar_slam_description/share/sonar_slam_description/hook/cmake_prefix_path.ps1'
[1.728s] INFO:colcon.colcon_core.shell:Creating environment descriptor '/home/pulak/ros2_workspace/install/sonar_slam_description/share/sonar_slam_description/hook/cmake_prefix_path.dsv'
[1.729s] INFO:colcon.colcon_core.shell:Creating environment hook '/home/pulak/ros2_workspace/install/sonar_slam_description/share/sonar_slam_description/hook/cmake_prefix_path.sh'
[1.730s] Level 1:colcon.colcon_core.environment:checking '/home/pulak/ros2_workspace/install/sonar_slam_description/bin'
[1.730s] Level 1:colcon.colcon_core.environment:checking '/home/pulak/ros2_workspace/install/sonar_slam_description/lib/pkgconfig/sonar_slam_description.pc'
[1.730s] Level 1:colcon.colcon_core.environment:checking '/home/pulak/ros2_workspace/install/sonar_slam_description/lib/python3.10/site-packages'
[1.730s] Level 1:colcon.colcon_core.environment:checking '/home/pulak/ros2_workspace/install/sonar_slam_description/bin'
[1.747s] INFO:colcon.colcon_core.shell:Creating package script '/home/pulak/ros2_workspace/install/sonar_slam_description/share/sonar_slam_description/package.ps1'
[1.748s] INFO:colcon.colcon_core.shell:Creating package descriptor '/home/pulak/ros2_workspace/install/sonar_slam_description/share/sonar_slam_description/package.dsv'
[1.749s] INFO:colcon.colcon_core.shell:Creating package script '/home/pulak/ros2_workspace/install/sonar_slam_description/share/sonar_slam_description/package.sh'
[1.750s] INFO:colcon.colcon_core.shell:Creating package script '/home/pulak/ros2_workspace/install/sonar_slam_description/share/sonar_slam_description/package.bash'
[1.750s] INFO:colcon.colcon_core.shell:Creating package script '/home/pulak/ros2_workspace/install/sonar_slam_description/share/sonar_slam_description/package.zsh'
[1.751s] Level 1:colcon.colcon_core.environment:create_file_with_runtime_dependencies(/home/pulak/ros2_workspace/install/sonar_slam_description/share/colcon-core/packages/sonar_slam_description)
[1.828s] Level 1:colcon.colcon_core.environment:create_environment_scripts_only(sonar_slam_description)
[1.843s] Level 1:colcon.colcon_core.environment:checking '/home/pulak/ros2_workspace/install/sonar_slam_description' for CMake module files
[1.844s] Level 1:colcon.colcon_core.environment:checking '/home/pulak/ros2_workspace/install/sonar_slam_description' for CMake config files
[1.844s] Level 1:colcon.colcon_core.shell:create_environment_hook('sonar_slam_description', 'cmake_prefix_path')
[1.861s] INFO:colcon.colcon_core.shell:Creating environment hook '/home/pulak/ros2_workspace/install/sonar_slam_description/share/sonar_slam_description/hook/cmake_prefix_path.ps1'
[1.861s] INFO:colcon.colcon_core.shell:Creating environment descriptor '/home/pulak/ros2_workspace/install/sonar_slam_description/share/sonar_slam_description/hook/cmake_prefix_path.dsv'
[1.862s] INFO:colcon.colcon_core.shell:Creating environment hook '/home/pulak/ros2_workspace/install/sonar_slam_description/share/sonar_slam_description/hook/cmake_prefix_path.sh'
[1.863s] Level 1:colcon.colcon_core.environment:checking '/home/pulak/ros2_workspace/install/sonar_slam_description/bin'
[1.863s] Level 1:colcon.colcon_core.environment:checking '/home/pulak/ros2_workspace/install/sonar_slam_description/lib/pkgconfig/sonar_slam_description.pc'
[1.863s] Level 1:colcon.colcon_core.environment:checking '/home/pulak/ros2_workspace/install/sonar_slam_description/lib/python3.10/site-packages'
[1.863s] Level 1:colcon.colcon_core.environment:checking '/home/pulak/ros2_workspace/install/sonar_slam_description/bin'
[1.879s] INFO:colcon.colcon_core.shell:Creating package script '/home/pulak/ros2_workspace/install/sonar_slam_description/share/sonar_slam_description/package.ps1'
[1.880s] INFO:colcon.colcon_core.shell:Creating package descriptor '/home/pulak/ros2_workspace/install/sonar_slam_description/share/sonar_slam_description/package.dsv'
[1.881s] INFO:colcon.colcon_core.shell:Creating package script '/home/pulak/ros2_workspace/install/sonar_slam_description/share/sonar_slam_description/package.sh'
[1.881s] INFO:colcon.colcon_core.shell:Creating package script '/home/pulak/ros2_workspace/install/sonar_slam_description/share/sonar_slam_description/package.bash'
[1.882s] INFO:colcon.colcon_core.shell:Creating package script '/home/pulak/ros2_workspace/install/sonar_slam_description/share/sonar_slam_description/package.zsh'
[1.882s] Level 1:colcon.colcon_core.environment:create_file_with_runtime_dependencies(/home/pulak/ros2_workspace/install/sonar_slam_description/share/colcon-core/packages/sonar_slam_description)
[1.882s] INFO:colcon.colcon_ros.task.ament_cmake.build:Building ROS package in '/home/pulak/ros2_workspace/src/sonar_slam_bringup' with build type 'ament_cmake'
[1.883s] INFO:colcon.colcon_cmake.task.cmake.build:Building CMake package in '/home/pulak/ros2_workspace/src/sonar_slam_bringup'
[1.900s] INFO:colcon.colcon_core.shell:Skip shell extension 'powershell' for command environment: Not usable outside of PowerShell
[1.900s] DEBUG:colcon.colcon_core.shell:Skip shell extension 'dsv' for command environment
[1.961s] DEBUG:colcon.colcon_core.event_handler.log_command:Invoking command in '/home/pulak/ros2_workspace/build/sonar_slam_bringup': CMAKE_PREFIX_PATH=/home/pulak/ros2_workspace/install/sonar_slam_description:/home/pulak/ros2_workspace/install/sonar_slam_bringup:/opt/ros/humble /usr/bin/cmake --build /home/pulak/ros2_workspace/build/sonar_slam_bringup -- -j8 -l8
[2.352s] DEBUG:colcon.colcon_core.event_handler.log_command:Invoked command in '/home/pulak/ros2_workspace/build/sonar_slam_bringup' returned '0': CMAKE_PREFIX_PATH=/home/pulak/ros2_workspace/install/sonar_slam_description:/home/pulak/ros2_workspace/install/sonar_slam_bringup:/opt/ros/humble /usr/bin/cmake --build /home/pulak/ros2_workspace/build/sonar_slam_bringup -- -j8 -l8
[2.391s] DEBUG:colcon.colcon_core.event_handler.log_command:Invoking command in '/home/pulak/ros2_workspace/build/sonar_slam_bringup': CMAKE_PREFIX_PATH=/home/pulak/ros2_workspace/install/sonar_slam_description:/home/pulak/ros2_workspace/install/sonar_slam_bringup:/opt/ros/humble /usr/bin/cmake --install /home/pulak/ros2_workspace/build/sonar_slam_bringup
[2.443s] Level 1:colcon.colcon_core.environment:create_environment_scripts_only(sonar_slam_bringup)
[2.444s] DEBUG:colcon.colcon_core.event_handler.log_command:Invoked command in '/home/pulak/ros2_workspace/build/sonar_slam_bringup' returned '0': CMAKE_PREFIX_PATH=/home/pulak/ros2_workspace/install/sonar_slam_description:/home/pulak/ros2_workspace/install/sonar_slam_bringup:/opt/ros/humble /usr/bin/cmake --install /home/pulak/ros2_workspace/build/sonar_slam_bringup
[2.460s] Level 1:colcon.colcon_core.environment:checking '/home/pulak/ros2_workspace/install/sonar_slam_bringup' for CMake module files
[2.461s] Level 1:colcon.colcon_core.environment:checking '/home/pulak/ros2_workspace/install/sonar_slam_bringup' for CMake config files
[2.461s] Level 1:colcon.colcon_core.shell:create_environment_hook('sonar_slam_bringup', 'cmake_prefix_path')
[2.478s] INFO:colcon.colcon_core.shell:Creating environment hook '/home/pulak/ros2_workspace/install/sonar_slam_bringup/share/sonar_slam_bringup/hook/cmake_prefix_path.ps1'
[2.479s] INFO:colcon.colcon_core.shell:Creating environment descriptor '/home/pulak/ros2_workspace/install/sonar_slam_bringup/share/sonar_slam_bringup/hook/cmake_prefix_path.dsv'
[2.479s] INFO:colcon.colcon_core.shell:Creating environment hook '/home/pulak/ros2_workspace/install/sonar_slam_bringup/share/sonar_slam_bringup/hook/cmake_prefix_path.sh'
[2.480s] Level 1:colcon.colcon_core.environment:checking '/home/pulak/ros2_workspace/install/sonar_slam_bringup/bin'
[2.480s] Level 1:colcon.colcon_core.environment:checking '/home/pulak/ros2_workspace/install/sonar_slam_bringup/lib/pkgconfig/sonar_slam_bringup.pc'
[2.480s] Level 1:colcon.colcon_core.environment:checking '/home/pulak/ros2_workspace/install/sonar_slam_bringup/lib/python3.10/site-packages'
[2.480s] Level 1:colcon.colcon_core.environment:checking '/home/pulak/ros2_workspace/install/sonar_slam_bringup/bin'
[2.497s] INFO:colcon.colcon_core.shell:Creating package script '/home/pulak/ros2_workspace/install/sonar_slam_bringup/share/sonar_slam_bringup/package.ps1'
[2.497s] INFO:colcon.colcon_core.shell:Creating package descriptor '/home/pulak/ros2_workspace/install/sonar_slam_bringup/share/sonar_slam_bringup/package.dsv'
[2.498s] INFO:colcon.colcon_core.shell:Creating package script '/home/pulak/ros2_workspace/install/sonar_slam_bringup/share/sonar_slam_bringup/package.sh'
[2.498s] INFO:colcon.colcon_core.shell:Creating package script '/home/pulak/ros2_workspace/install/sonar_slam_bringup/share/sonar_slam_bringup/package.bash'
[2.499s] INFO:colcon.colcon_core.shell:Creating package script '/home/pulak/ros2_workspace/install/sonar_slam_bringup/share/sonar_slam_bringup/package.zsh'
[2.499s] Level 1:colcon.colcon_core.environment:create_file_with_runtime_dependencies(/home/pulak/ros2_workspace/install/sonar_slam_bringup/share/colcon-core/packages/sonar_slam_bringup)
[2.594s] Level 1:colcon.colcon_core.environment:create_environment_scripts_only(sonar_slam_bringup)
[2.626s] Level 1:colcon.colcon_core.environment:checking '/home/pulak/ros2_workspace/install/sonar_slam_bringup' for CMake module files
[2.626s] Level 1:colcon.colcon_core.environment:checking '/home/pulak/ros2_workspace/install/sonar_slam_bringup' for CMake config files
[2.626s] Level 1:colcon.colcon_core.shell:create_environment_hook('sonar_slam_bringup', 'cmake_prefix_path')
[2.656s] INFO:colcon.colcon_core.shell:Creating environment hook '/home/pulak/ros2_workspace/install/sonar_slam_bringup/share/sonar_slam_bringup/hook/cmake_prefix_path.ps1'
[2.657s] INFO:colcon.colcon_core.shell:Creating environment descriptor '/home/pulak/ros2_workspace/install/sonar_slam_bringup/share/sonar_slam_bringup/hook/cmake_prefix_path.dsv'
[2.657s] INFO:colcon.colcon_core.shell:Creating environment hook '/home/pulak/ros2_workspace/install/sonar_slam_bringup/share/sonar_slam_bringup/hook/cmake_prefix_path.sh'
[2.658s] Level 1:colcon.colcon_core.environment:checking '/home/pulak/ros2_workspace/install/sonar_slam_bringup/bin'
[2.658s] Level 1:colcon.colcon_core.environment:checking '/home/pulak/ros2_workspace/install/sonar_slam_bringup/lib/pkgconfig/sonar_slam_bringup.pc'
[2.658s] Level 1:colcon.colcon_core.environment:checking '/home/pulak/ros2_workspace/install/sonar_slam_bringup/lib/python3.10/site-packages'
[2.658s] Level 1:colcon.colcon_core.environment:checking '/home/pulak/ros2_workspace/install/sonar_slam_bringup/bin'
[2.675s] INFO:colcon.colcon_core.shell:Creating package script '/home/pulak/ros2_workspace/install/sonar_slam_bringup/share/sonar_slam_bringup/package.ps1'
[2.675s] INFO:colcon.colcon_core.shell:Creating package descriptor '/home/pulak/ros2_workspace/install/sonar_slam_bringup/share/sonar_slam_bringup/package.dsv'
[2.676s] INFO:colcon.colcon_core.shell:Creating package script '/home/pulak/ros2_workspace/install/sonar_slam_bringup/share/sonar_slam_bringup/package.sh'
[2.677s] INFO:colcon.colcon_core.shell:Creating package script '/home/pulak/ros2_workspace/install/sonar_slam_bringup/share/sonar_slam_bringup/package.bash'
[2.678s] INFO:colcon.colcon_core.shell:Creating package script '/home/pulak/ros2_workspace/install/sonar_slam_bringup/share/sonar_slam_bringup/package.zsh'
[2.678s] Level 1:colcon.colcon_core.environment:create_file_with_runtime_dependencies(/home/pulak/ros2_workspace/install/sonar_slam_bringup/share/colcon-core/packages/sonar_slam_bringup)
[2.678s] DEBUG:colcon.colcon_parallel_executor.executor.parallel:closing loop
[2.679s] DEBUG:colcon.colcon_parallel_executor.executor.parallel:loop closed
[2.679s] DEBUG:colcon.colcon_parallel_executor.executor.parallel:run_until_complete finished with '0'
[2.679s] DEBUG:colcon.colcon_core.event_reactor:joining thread
[2.740s] INFO:colcon.colcon_core.plugin_system:Skipping extension 'colcon_notification.desktop_notification.terminal_notifier': Not used on non-Darwin systems
[2.740s] INFO:colcon.colcon_core.plugin_system:Skipping extension 'colcon_notification.desktop_notification.win32': Not used on non-Windows systems
[2.740s] INFO:colcon.colcon_notification.desktop_notification:Sending desktop notification using 'notify2'
[2.765s] DEBUG:colcon.colcon_core.event_reactor:joined thread
[2.787s] INFO:colcon.colcon_core.shell:Creating prefix script '/home/pulak/ros2_workspace/install/local_setup.ps1'
[2.788s] INFO:colcon.colcon_core.shell:Creating prefix util module '/home/pulak/ros2_workspace/install/_local_setup_util_ps1.py'
[2.790s] INFO:colcon.colcon_core.shell:Creating prefix chain script '/home/pulak/ros2_workspace/install/setup.ps1'
[2.808s] INFO:colcon.colcon_core.shell:Creating prefix script '/home/pulak/ros2_workspace/install/local_setup.sh'
[2.809s] INFO:colcon.colcon_core.shell:Creating prefix util module '/home/pulak/ros2_workspace/install/_local_setup_util_sh.py'
[2.809s] INFO:colcon.colcon_core.shell:Creating prefix chain script '/home/pulak/ros2_workspace/install/setup.sh'
[2.827s] INFO:colcon.colcon_core.shell:Creating prefix script '/home/pulak/ros2_workspace/install/local_setup.bash'
[2.827s] INFO:colcon.colcon_core.shell:Creating prefix chain script '/home/pulak/ros2_workspace/install/setup.bash'
[2.846s] INFO:colcon.colcon_core.shell:Creating prefix script '/home/pulak/ros2_workspace/install/local_setup.zsh'
[2.846s] INFO:colcon.colcon_core.shell:Creating prefix chain script '/home/pulak/ros2_workspace/install/setup.zsh'
