[0.076s] Invoking command in '/home/pulak/ros2_workspace/build/sonar_slam_description': CMAKE_PREFIX_PATH=${CMAKE_PREFIX_PATH}:/opt/ros/humble /usr/bin/cmake --build /home/pulak/ros2_workspace/build/sonar_slam_description -- -j8 -l8
[0.162s] Invoked command in '/home/pulak/ros2_workspace/build/sonar_slam_description' returned '0': CMAKE_PREFIX_PATH=${CMAKE_PREFIX_PATH}:/opt/ros/humble /usr/bin/cmake --build /home/pulak/ros2_workspace/build/sonar_slam_description -- -j8 -l8
[0.232s] Invoking command in '/home/pulak/ros2_workspace/build/sonar_slam_description': CMAKE_PREFIX_PATH=${CMAKE_PREFIX_PATH}:/opt/ros/humble /usr/bin/cmake --install /home/pulak/ros2_workspace/build/sonar_slam_description
[0.242s] -- Install configuration: ""
[0.242s] -- Up-to-date: /home/pulak/ros2_workspace/install/sonar_slam_description/share/sonar_slam_description//urdf
[0.243s] -- Installing: /home/pulak/ros2_workspace/install/sonar_slam_description/share/sonar_slam_description//urdf/sonar_slam.urdf
[0.243s] -- Up-to-date: /home/pulak/ros2_workspace/install/sonar_slam_description/share/sonar_slam_description//launch
[0.243s] -- Up-to-date: /home/pulak/ros2_workspace/install/sonar_slam_description/share/sonar_slam_description//launch/display.launch.xml
[0.243s] -- Up-to-date: /home/pulak/ros2_workspace/install/sonar_slam_description/share/sonar_slam_description//rviz
[0.243s] -- Up-to-date: /home/pulak/ros2_workspace/install/sonar_slam_description/share/sonar_slam_description//rviz/sonar_slam_config.rviz
[0.244s] -- Up-to-date: /home/pulak/ros2_workspace/install/sonar_slam_description/share/ament_index/resource_index/package_run_dependencies/sonar_slam_description
[0.244s] -- Up-to-date: /home/pulak/ros2_workspace/install/sonar_slam_description/share/ament_index/resource_index/parent_prefix_path/sonar_slam_description
[0.244s] -- Up-to-date: /home/pulak/ros2_workspace/install/sonar_slam_description/share/sonar_slam_description/environment/ament_prefix_path.sh
[0.244s] -- Up-to-date: /home/pulak/ros2_workspace/install/sonar_slam_description/share/sonar_slam_description/environment/ament_prefix_path.dsv
[0.244s] -- Up-to-date: /home/pulak/ros2_workspace/install/sonar_slam_description/share/sonar_slam_description/environment/path.sh
[0.244s] -- Up-to-date: /home/pulak/ros2_workspace/install/sonar_slam_description/share/sonar_slam_description/environment/path.dsv
[0.245s] -- Up-to-date: /home/pulak/ros2_workspace/install/sonar_slam_description/share/sonar_slam_description/local_setup.bash
[0.245s] -- Up-to-date: /home/pulak/ros2_workspace/install/sonar_slam_description/share/sonar_slam_description/local_setup.sh
[0.245s] -- Up-to-date: /home/pulak/ros2_workspace/install/sonar_slam_description/share/sonar_slam_description/local_setup.zsh
[0.246s] -- Up-to-date: /home/pulak/ros2_workspace/install/sonar_slam_description/share/sonar_slam_description/local_setup.dsv
[0.246s] -- Up-to-date: /home/pulak/ros2_workspace/install/sonar_slam_description/share/sonar_slam_description/package.dsv
[0.247s] -- Up-to-date: /home/pulak/ros2_workspace/install/sonar_slam_description/share/ament_index/resource_index/packages/sonar_slam_description
[0.247s] -- Up-to-date: /home/pulak/ros2_workspace/install/sonar_slam_description/share/sonar_slam_description/cmake/sonar_slam_descriptionConfig.cmake
[0.248s] -- Up-to-date: /home/pulak/ros2_workspace/install/sonar_slam_description/share/sonar_slam_description/cmake/sonar_slam_descriptionConfig-version.cmake
[0.248s] -- Up-to-date: /home/pulak/ros2_workspace/install/sonar_slam_description/share/sonar_slam_description/package.xml
[0.248s] Invoked command in '/home/pulak/ros2_workspace/build/sonar_slam_description' returned '0': CMAKE_PREFIX_PATH=${CMAKE_PREFIX_PATH}:/opt/ros/humble /usr/bin/cmake --install /home/pulak/ros2_workspace/build/sonar_slam_description
