-- Found ament_cmake: 1.3.5 (/opt/ros/humble/share/ament_cmake/cmake)
-- Override CMake install command with custom implementation using symlinks instead of copying resources
-- Configuring done
-- Generating done
-- Build files have been written to: /home/pulak/ros2_workspace/build/sonar_slam_bringup
-- Install configuration: ""
-- Execute custom install script
-- Symlinking: /home/pulak/ros2_workspace/install/sonar_slam_bringup/share/sonar_slam_bringup//launch/sonar_slam_gazebo.launch.xml
-- Symlinking: /home/pulak/ros2_workspace/install/sonar_slam_bringup/share/ament_index/resource_index/package_run_dependencies/sonar_slam_bringup
-- Symlinking: /home/pulak/ros2_workspace/install/sonar_slam_bringup/share/ament_index/resource_index/parent_prefix_path/sonar_slam_bringup
-- Symlinking: /home/pulak/ros2_workspace/install/sonar_slam_bringup/share/sonar_slam_bringup/environment/ament_prefix_path.sh
-- Symlinking: /home/pulak/ros2_workspace/install/sonar_slam_bringup/share/sonar_slam_bringup/environment/ament_prefix_path.dsv
-- Symlinking: /home/pulak/ros2_workspace/install/sonar_slam_bringup/share/sonar_slam_bringup/environment/path.sh
-- Symlinking: /home/pulak/ros2_workspace/install/sonar_slam_bringup/share/sonar_slam_bringup/environment/path.dsv
-- Symlinking: /home/pulak/ros2_workspace/install/sonar_slam_bringup/share/sonar_slam_bringup/local_setup.bash
-- Symlinking: /home/pulak/ros2_workspace/install/sonar_slam_bringup/share/sonar_slam_bringup/local_setup.sh
-- Symlinking: /home/pulak/ros2_workspace/install/sonar_slam_bringup/share/sonar_slam_bringup/local_setup.zsh
-- Symlinking: /home/pulak/ros2_workspace/install/sonar_slam_bringup/share/sonar_slam_bringup/local_setup.dsv
-- Symlinking: /home/pulak/ros2_workspace/install/sonar_slam_bringup/share/sonar_slam_bringup/package.dsv
-- Symlinking: /home/pulak/ros2_workspace/install/sonar_slam_bringup/share/ament_index/resource_index/packages/sonar_slam_bringup
-- Symlinking: /home/pulak/ros2_workspace/install/sonar_slam_bringup/share/sonar_slam_bringup/cmake/sonar_slam_bringupConfig.cmake
-- Symlinking: /home/pulak/ros2_workspace/install/sonar_slam_bringup/share/sonar_slam_bringup/cmake/sonar_slam_bringupConfig-version.cmake
-- Symlinking: /home/pulak/ros2_workspace/install/sonar_slam_bringup/share/sonar_slam_bringup/package.xml
