[0.142s] Invoking command in '/home/pulak/ros2_workspace/build/sonar_slam_bringup': CMAKE_PREFIX_PATH=${CMAKE_PREFIX_PATH}:/opt/ros/humble /usr/bin/cmake /home/pulak/ros2_workspace/src/sonar_slam_bringup -DAMENT_CMAKE_SYMLINK_INSTALL=1 -DCMAKE_INSTALL_PREFIX=/home/pulak/ros2_workspace/install/sonar_slam_bringup
[0.172s] -- Found ament_cmake: 1.3.5 (/opt/ros/humble/share/ament_cmake/cmake)
[0.352s] -- Override CMake install command with custom implementation using symlinks instead of copying resources
[0.438s] -- Configuring done
[0.443s] -- Generating done
[0.443s] -- Build files have been written to: /home/pulak/ros2_workspace/build/sonar_slam_bringup
[0.480s] Invoked command in '/home/pulak/ros2_workspace/build/sonar_slam_bringup' returned '0': CMAKE_PREFIX_PATH=${CMAKE_PREFIX_PATH}:/opt/ros/humble /usr/bin/cmake /home/pulak/ros2_workspace/src/sonar_slam_bringup -DAMENT_CMAKE_SYMLINK_INSTALL=1 -DCMAKE_INSTALL_PREFIX=/home/pulak/ros2_workspace/install/sonar_slam_bringup
[0.482s] Invoking command in '/home/pulak/ros2_workspace/build/sonar_slam_bringup': CMAKE_PREFIX_PATH=${CMAKE_PREFIX_PATH}:/opt/ros/humble /usr/bin/cmake --build /home/pulak/ros2_workspace/build/sonar_slam_bringup -- -j8 -l8
[0.539s] Invoked command in '/home/pulak/ros2_workspace/build/sonar_slam_bringup' returned '0': CMAKE_PREFIX_PATH=${CMAKE_PREFIX_PATH}:/opt/ros/humble /usr/bin/cmake --build /home/pulak/ros2_workspace/build/sonar_slam_bringup -- -j8 -l8
[0.579s] Invoking command in '/home/pulak/ros2_workspace/build/sonar_slam_bringup': CMAKE_PREFIX_PATH=${CMAKE_PREFIX_PATH}:/opt/ros/humble /usr/bin/cmake --install /home/pulak/ros2_workspace/build/sonar_slam_bringup
[0.589s] -- Install configuration: ""
[0.589s] -- Execute custom install script
[0.590s] -- Symlinking: /home/pulak/ros2_workspace/install/sonar_slam_bringup/share/sonar_slam_bringup//launch/sonar_slam_gazebo.launch.xml
[0.603s] -- Symlinking: /home/pulak/ros2_workspace/install/sonar_slam_bringup/share/ament_index/resource_index/package_run_dependencies/sonar_slam_bringup
[0.617s] -- Symlinking: /home/pulak/ros2_workspace/install/sonar_slam_bringup/share/ament_index/resource_index/parent_prefix_path/sonar_slam_bringup
[0.629s] -- Symlinking: /home/pulak/ros2_workspace/install/sonar_slam_bringup/share/sonar_slam_bringup/environment/ament_prefix_path.sh
[0.652s] -- Symlinking: /home/pulak/ros2_workspace/install/sonar_slam_bringup/share/sonar_slam_bringup/environment/ament_prefix_path.dsv
[0.665s] -- Symlinking: /home/pulak/ros2_workspace/install/sonar_slam_bringup/share/sonar_slam_bringup/environment/path.sh
[0.676s] -- Symlinking: /home/pulak/ros2_workspace/install/sonar_slam_bringup/share/sonar_slam_bringup/environment/path.dsv
[0.687s] -- Symlinking: /home/pulak/ros2_workspace/install/sonar_slam_bringup/share/sonar_slam_bringup/local_setup.bash
[0.698s] -- Symlinking: /home/pulak/ros2_workspace/install/sonar_slam_bringup/share/sonar_slam_bringup/local_setup.sh
[0.709s] -- Symlinking: /home/pulak/ros2_workspace/install/sonar_slam_bringup/share/sonar_slam_bringup/local_setup.zsh
[0.721s] -- Symlinking: /home/pulak/ros2_workspace/install/sonar_slam_bringup/share/sonar_slam_bringup/local_setup.dsv
[0.733s] -- Symlinking: /home/pulak/ros2_workspace/install/sonar_slam_bringup/share/sonar_slam_bringup/package.dsv
[0.745s] -- Symlinking: /home/pulak/ros2_workspace/install/sonar_slam_bringup/share/ament_index/resource_index/packages/sonar_slam_bringup
[0.756s] -- Symlinking: /home/pulak/ros2_workspace/install/sonar_slam_bringup/share/sonar_slam_bringup/cmake/sonar_slam_bringupConfig.cmake
[0.782s] -- Symlinking: /home/pulak/ros2_workspace/install/sonar_slam_bringup/share/sonar_slam_bringup/cmake/sonar_slam_bringupConfig-version.cmake
[0.809s] -- Symlinking: /home/pulak/ros2_workspace/install/sonar_slam_bringup/share/sonar_slam_bringup/package.xml
[0.844s] Invoked command in '/home/pulak/ros2_workspace/build/sonar_slam_bringup' returned '0': CMAKE_PREFIX_PATH=${CMAKE_PREFIX_PATH}:/opt/ros/humble /usr/bin/cmake --install /home/pulak/ros2_workspace/build/sonar_slam_bringup
