[1.142s] DEBUG:colcon:Command line arguments: ['/usr/bin/colcon', 'build']
[1.142s] DEBUG:colcon:Parsed command line arguments: Namespace(log_base=None, log_level=None, verb_name='build', build_base='build', install_base='install', merge_install=False, symlink_install=False, test_result_base=None, continue_on_error=False, executor='parallel', parallel_workers=8, event_handlers=None, ignore_user_meta=False, metas=['./colcon.meta'], base_paths=['.'], packages_ignore=None, packages_ignore_regex=None, paths=None, packages_up_to=None, packages_up_to_regex=None, packages_above=None, packages_above_and_dependencies=None, packages_above_depth=None, packages_select_by_dep=None, packages_skip_by_dep=None, packages_skip_up_to=None, packages_select_build_failed=False, packages_skip_build_finished=False, packages_select_test_failures=False, packages_skip_test_passed=False, packages_select=None, packages_skip=None, packages_select_regex=None, packages_skip_regex=None, packages_start=None, packages_end=None, allow_overriding=[], cmake_args=None, cmake_target=None, cmake_target_skip_unavailable=False, cmake_clean_cache=False, cmake_clean_first=False, cmake_force_configure=False, ament_cmake_args=None, catkin_cmake_args=None, catkin_skip_building_tests=False, verb_parser=<colcon_defaults.argument_parser.defaults.DefaultArgumentsDecorator object at 0x7fa1f49428f0>, verb_extension=<colcon_core.verb.build.BuildVerb object at 0x7fa1f4943340>, main=<bound method BuildVerb.main of <colcon_core.verb.build.BuildVerb object at 0x7fa1f4943340>>)
[1.191s] Level 1:colcon.colcon_core.package_discovery:discover_packages(colcon_meta) check parameters
[1.192s] Level 1:colcon.colcon_core.package_discovery:discover_packages(recursive) check parameters
[1.192s] Level 1:colcon.colcon_core.package_discovery:discover_packages(ignore) check parameters
[1.192s] Level 1:colcon.colcon_core.package_discovery:discover_packages(path) check parameters
[1.192s] Level 1:colcon.colcon_core.package_discovery:discover_packages(colcon_meta) discover
[1.192s] Level 1:colcon.colcon_core.package_discovery:discover_packages(recursive) discover
[1.192s] INFO:colcon.colcon_core.package_discovery:Crawling recursively for packages in '/home/pulak/ros2_workspace'
[1.192s] Level 1:colcon.colcon_core.package_identification:_identify(.) by extensions ['ignore', 'ignore_ament_install']
[1.192s] Level 1:colcon.colcon_core.package_identification:_identify(.) by extension 'ignore'
[1.192s] Level 1:colcon.colcon_core.package_identification:_identify(.) by extension 'ignore_ament_install'
[1.192s] Level 1:colcon.colcon_core.package_identification:_identify(.) by extensions ['colcon_pkg']
[1.192s] Level 1:colcon.colcon_core.package_identification:_identify(.) by extension 'colcon_pkg'
[1.192s] Level 1:colcon.colcon_core.package_identification:_identify(.) by extensions ['colcon_meta']
[1.192s] Level 1:colcon.colcon_core.package_identification:_identify(.) by extension 'colcon_meta'
[1.192s] Level 1:colcon.colcon_core.package_identification:_identify(.) by extensions ['ros']
[1.192s] Level 1:colcon.colcon_core.package_identification:_identify(.) by extension 'ros'
[1.204s] Level 1:colcon.colcon_core.package_identification:_identify(.) by extensions ['cmake', 'python']
[1.204s] Level 1:colcon.colcon_core.package_identification:_identify(.) by extension 'cmake'
[1.204s] Level 1:colcon.colcon_core.package_identification:_identify(.) by extension 'python'
[1.204s] Level 1:colcon.colcon_core.package_identification:_identify(.) by extensions ['python_setup_py']
[1.204s] Level 1:colcon.colcon_core.package_identification:_identify(.) by extension 'python_setup_py'
[1.204s] Level 1:colcon.colcon_core.package_identification:_identify(build) by extensions ['ignore', 'ignore_ament_install']
[1.204s] Level 1:colcon.colcon_core.package_identification:_identify(build) by extension 'ignore'
[1.204s] Level 1:colcon.colcon_core.package_identification:_identify(build) ignored
[1.204s] Level 1:colcon.colcon_core.package_identification:_identify(install) by extensions ['ignore', 'ignore_ament_install']
[1.204s] Level 1:colcon.colcon_core.package_identification:_identify(install) by extension 'ignore'
[1.204s] Level 1:colcon.colcon_core.package_identification:_identify(install) ignored
[1.205s] Level 1:colcon.colcon_core.package_identification:_identify(log) by extensions ['ignore', 'ignore_ament_install']
[1.205s] Level 1:colcon.colcon_core.package_identification:_identify(log) by extension 'ignore'
[1.205s] Level 1:colcon.colcon_core.package_identification:_identify(log) ignored
[1.205s] Level 1:colcon.colcon_core.package_identification:_identify(src) by extensions ['ignore', 'ignore_ament_install']
[1.205s] Level 1:colcon.colcon_core.package_identification:_identify(src) by extension 'ignore'
[1.205s] Level 1:colcon.colcon_core.package_identification:_identify(src) by extension 'ignore_ament_install'
[1.205s] Level 1:colcon.colcon_core.package_identification:_identify(src) by extensions ['colcon_pkg']
[1.205s] Level 1:colcon.colcon_core.package_identification:_identify(src) by extension 'colcon_pkg'
[1.205s] Level 1:colcon.colcon_core.package_identification:_identify(src) by extensions ['colcon_meta']
[1.205s] Level 1:colcon.colcon_core.package_identification:_identify(src) by extension 'colcon_meta'
[1.205s] Level 1:colcon.colcon_core.package_identification:_identify(src) by extensions ['ros']
[1.205s] Level 1:colcon.colcon_core.package_identification:_identify(src) by extension 'ros'
[1.205s] Level 1:colcon.colcon_core.package_identification:_identify(src) by extensions ['cmake', 'python']
[1.205s] Level 1:colcon.colcon_core.package_identification:_identify(src) by extension 'cmake'
[1.205s] Level 1:colcon.colcon_core.package_identification:_identify(src) by extension 'python'
[1.205s] Level 1:colcon.colcon_core.package_identification:_identify(src) by extensions ['python_setup_py']
[1.205s] Level 1:colcon.colcon_core.package_identification:_identify(src) by extension 'python_setup_py'
[1.205s] Level 1:colcon.colcon_core.package_identification:_identify(src/sonar_slam_bringup) by extensions ['ignore', 'ignore_ament_install']
[1.206s] Level 1:colcon.colcon_core.package_identification:_identify(src/sonar_slam_bringup) by extension 'ignore'
[1.206s] Level 1:colcon.colcon_core.package_identification:_identify(src/sonar_slam_bringup) by extension 'ignore_ament_install'
[1.206s] Level 1:colcon.colcon_core.package_identification:_identify(src/sonar_slam_bringup) by extensions ['colcon_pkg']
[1.206s] Level 1:colcon.colcon_core.package_identification:_identify(src/sonar_slam_bringup) by extension 'colcon_pkg'
[1.206s] Level 1:colcon.colcon_core.package_identification:_identify(src/sonar_slam_bringup) by extensions ['colcon_meta']
[1.206s] Level 1:colcon.colcon_core.package_identification:_identify(src/sonar_slam_bringup) by extension 'colcon_meta'
[1.206s] Level 1:colcon.colcon_core.package_identification:_identify(src/sonar_slam_bringup) by extensions ['ros']
[1.206s] Level 1:colcon.colcon_core.package_identification:_identify(src/sonar_slam_bringup) by extension 'ros'
[1.209s] DEBUG:colcon.colcon_core.package_identification:Package 'src/sonar_slam_bringup' with type 'ros.ament_cmake' and name 'sonar_slam_bringup'
[1.209s] Level 1:colcon.colcon_core.package_identification:_identify(src/sonar_slam_description) by extensions ['ignore', 'ignore_ament_install']
[1.209s] Level 1:colcon.colcon_core.package_identification:_identify(src/sonar_slam_description) by extension 'ignore'
[1.209s] Level 1:colcon.colcon_core.package_identification:_identify(src/sonar_slam_description) by extension 'ignore_ament_install'
[1.210s] Level 1:colcon.colcon_core.package_identification:_identify(src/sonar_slam_description) by extensions ['colcon_pkg']
[1.210s] Level 1:colcon.colcon_core.package_identification:_identify(src/sonar_slam_description) by extension 'colcon_pkg'
[1.210s] Level 1:colcon.colcon_core.package_identification:_identify(src/sonar_slam_description) by extensions ['colcon_meta']
[1.210s] Level 1:colcon.colcon_core.package_identification:_identify(src/sonar_slam_description) by extension 'colcon_meta'
[1.210s] Level 1:colcon.colcon_core.package_identification:_identify(src/sonar_slam_description) by extensions ['ros']
[1.210s] Level 1:colcon.colcon_core.package_identification:_identify(src/sonar_slam_description) by extension 'ros'
[1.210s] DEBUG:colcon.colcon_core.package_identification:Package 'src/sonar_slam_description' with type 'ros.ament_cmake' and name 'sonar_slam_description'
[1.210s] Level 1:colcon.colcon_core.package_discovery:discover_packages(recursive) using defaults
[1.210s] Level 1:colcon.colcon_core.package_discovery:discover_packages(ignore) discover
[1.210s] Level 1:colcon.colcon_core.package_discovery:discover_packages(ignore) using defaults
[1.210s] Level 1:colcon.colcon_core.package_discovery:discover_packages(path) discover
[1.210s] Level 1:colcon.colcon_core.package_discovery:discover_packages(path) using defaults
[1.306s] Level 1:colcon.colcon_core.package_discovery:discover_packages(prefix_path) check parameters
[1.307s] Level 1:colcon.colcon_core.package_discovery:discover_packages(prefix_path) discover
[1.339s] DEBUG:colcon.colcon_installed_package_information.package_discovery:Found 2 installed packages in /home/pulak/ros2_workspace/install
[1.355s] DEBUG:colcon.colcon_installed_package_information.package_discovery:Found 274 installed packages in /opt/ros/humble
[1.356s] Level 1:colcon.colcon_core.package_discovery:discover_packages(prefix_path) using defaults
[1.451s] Level 5:colcon.colcon_core.verb:set package 'sonar_slam_bringup' build argument 'cmake_args' from command line to 'None'
[1.451s] Level 5:colcon.colcon_core.verb:set package 'sonar_slam_bringup' build argument 'cmake_target' from command line to 'None'
[1.451s] Level 5:colcon.colcon_core.verb:set package 'sonar_slam_bringup' build argument 'cmake_target_skip_unavailable' from command line to 'False'
[1.451s] Level 5:colcon.colcon_core.verb:set package 'sonar_slam_bringup' build argument 'cmake_clean_cache' from command line to 'False'
[1.452s] Level 5:colcon.colcon_core.verb:set package 'sonar_slam_bringup' build argument 'cmake_clean_first' from command line to 'False'
[1.452s] Level 5:colcon.colcon_core.verb:set package 'sonar_slam_bringup' build argument 'cmake_force_configure' from command line to 'False'
[1.452s] Level 5:colcon.colcon_core.verb:set package 'sonar_slam_bringup' build argument 'ament_cmake_args' from command line to 'None'
[1.452s] Level 5:colcon.colcon_core.verb:set package 'sonar_slam_bringup' build argument 'catkin_cmake_args' from command line to 'None'
[1.452s] Level 5:colcon.colcon_core.verb:set package 'sonar_slam_bringup' build argument 'catkin_skip_building_tests' from command line to 'False'
[1.452s] DEBUG:colcon.colcon_core.verb:Building package 'sonar_slam_bringup' with the following arguments: {'ament_cmake_args': None, 'build_base': '/home/pulak/ros2_workspace/build/sonar_slam_bringup', 'catkin_cmake_args': None, 'catkin_skip_building_tests': False, 'cmake_args': None, 'cmake_clean_cache': False, 'cmake_clean_first': False, 'cmake_force_configure': False, 'cmake_target': None, 'cmake_target_skip_unavailable': False, 'install_base': '/home/pulak/ros2_workspace/install/sonar_slam_bringup', 'merge_install': False, 'path': '/home/pulak/ros2_workspace/src/sonar_slam_bringup', 'symlink_install': False, 'test_result_base': None}
[1.468s] Level 5:colcon.colcon_core.verb:set package 'sonar_slam_description' build argument 'cmake_args' from command line to 'None'
[1.468s] Level 5:colcon.colcon_core.verb:set package 'sonar_slam_description' build argument 'cmake_target' from command line to 'None'
[1.468s] Level 5:colcon.colcon_core.verb:set package 'sonar_slam_description' build argument 'cmake_target_skip_unavailable' from command line to 'False'
[1.468s] Level 5:colcon.colcon_core.verb:set package 'sonar_slam_description' build argument 'cmake_clean_cache' from command line to 'False'
[1.468s] Level 5:colcon.colcon_core.verb:set package 'sonar_slam_description' build argument 'cmake_clean_first' from command line to 'False'
[1.468s] Level 5:colcon.colcon_core.verb:set package 'sonar_slam_description' build argument 'cmake_force_configure' from command line to 'False'
[1.468s] Level 5:colcon.colcon_core.verb:set package 'sonar_slam_description' build argument 'ament_cmake_args' from command line to 'None'
[1.468s] Level 5:colcon.colcon_core.verb:set package 'sonar_slam_description' build argument 'catkin_cmake_args' from command line to 'None'
[1.468s] Level 5:colcon.colcon_core.verb:set package 'sonar_slam_description' build argument 'catkin_skip_building_tests' from command line to 'False'
[1.468s] DEBUG:colcon.colcon_core.verb:Building package 'sonar_slam_description' with the following arguments: {'ament_cmake_args': None, 'build_base': '/home/pulak/ros2_workspace/build/sonar_slam_description', 'catkin_cmake_args': None, 'catkin_skip_building_tests': False, 'cmake_args': None, 'cmake_clean_cache': False, 'cmake_clean_first': False, 'cmake_force_configure': False, 'cmake_target': None, 'cmake_target_skip_unavailable': False, 'install_base': '/home/pulak/ros2_workspace/install/sonar_slam_description', 'merge_install': False, 'path': '/home/pulak/ros2_workspace/src/sonar_slam_description', 'symlink_install': False, 'test_result_base': None}
[1.485s] INFO:colcon.colcon_core.executor:Executing jobs using 'parallel' executor
[1.502s] DEBUG:colcon.colcon_parallel_executor.executor.parallel:run_until_complete
[1.502s] INFO:colcon.colcon_ros.task.ament_cmake.build:Building ROS package in '/home/pulak/ros2_workspace/src/sonar_slam_bringup' with build type 'ament_cmake'
[1.502s] INFO:colcon.colcon_cmake.task.cmake.build:Building CMake package in '/home/pulak/ros2_workspace/src/sonar_slam_bringup'
[1.520s] INFO:colcon.colcon_core.plugin_system:Skipping extension 'colcon_core.shell.bat': Not used on non-Windows systems
[1.521s] INFO:colcon.colcon_core.shell:Skip shell extension 'powershell' for command environment: Not usable outside of PowerShell
[1.521s] DEBUG:colcon.colcon_core.shell:Skip shell extension 'dsv' for command environment
[1.570s] INFO:colcon.colcon_ros.task.ament_cmake.build:Building ROS package in '/home/pulak/ros2_workspace/src/sonar_slam_description' with build type 'ament_cmake'
[1.571s] INFO:colcon.colcon_cmake.task.cmake.build:Building CMake package in '/home/pulak/ros2_workspace/src/sonar_slam_description'
[1.586s] INFO:colcon.colcon_core.shell:Skip shell extension 'powershell' for command environment: Not usable outside of PowerShell
[1.586s] DEBUG:colcon.colcon_core.shell:Skip shell extension 'dsv' for command environment
[1.644s] DEBUG:colcon.colcon_core.event_handler.log_command:Invoking command in '/home/pulak/ros2_workspace/build/sonar_slam_bringup': CMAKE_PREFIX_PATH=${CMAKE_PREFIX_PATH}:/opt/ros/humble /usr/bin/cmake /home/pulak/ros2_workspace/src/sonar_slam_bringup -DCMAKE_INSTALL_PREFIX=/home/pulak/ros2_workspace/install/sonar_slam_bringup
[1.648s] DEBUG:colcon.colcon_core.event_handler.log_command:Invoking command in '/home/pulak/ros2_workspace/build/sonar_slam_description': CMAKE_PREFIX_PATH=${CMAKE_PREFIX_PATH}:/opt/ros/humble /usr/bin/cmake /home/pulak/ros2_workspace/src/sonar_slam_description -DCMAKE_INSTALL_PREFIX=/home/pulak/ros2_workspace/install/sonar_slam_description
[2.004s] DEBUG:colcon.colcon_core.event_handler.log_command:Invoked command in '/home/pulak/ros2_workspace/build/sonar_slam_bringup' returned '0': CMAKE_PREFIX_PATH=${CMAKE_PREFIX_PATH}:/opt/ros/humble /usr/bin/cmake /home/pulak/ros2_workspace/src/sonar_slam_bringup -DCMAKE_INSTALL_PREFIX=/home/pulak/ros2_workspace/install/sonar_slam_bringup
[2.007s] DEBUG:colcon.colcon_core.event_handler.log_command:Invoking command in '/home/pulak/ros2_workspace/build/sonar_slam_bringup': CMAKE_PREFIX_PATH=${CMAKE_PREFIX_PATH}:/opt/ros/humble /usr/bin/cmake --build /home/pulak/ros2_workspace/build/sonar_slam_bringup -- -j8 -l8
[2.050s] DEBUG:colcon.colcon_core.event_handler.log_command:Invoked command in '/home/pulak/ros2_workspace/build/sonar_slam_description' returned '0': CMAKE_PREFIX_PATH=${CMAKE_PREFIX_PATH}:/opt/ros/humble /usr/bin/cmake /home/pulak/ros2_workspace/src/sonar_slam_description -DCMAKE_INSTALL_PREFIX=/home/pulak/ros2_workspace/install/sonar_slam_description
[2.053s] DEBUG:colcon.colcon_core.event_handler.log_command:Invoking command in '/home/pulak/ros2_workspace/build/sonar_slam_description': CMAKE_PREFIX_PATH=${CMAKE_PREFIX_PATH}:/opt/ros/humble /usr/bin/cmake --build /home/pulak/ros2_workspace/build/sonar_slam_description -- -j8 -l8
[2.074s] DEBUG:colcon.colcon_core.event_handler.log_command:Invoked command in '/home/pulak/ros2_workspace/build/sonar_slam_bringup' returned '0': CMAKE_PREFIX_PATH=${CMAKE_PREFIX_PATH}:/opt/ros/humble /usr/bin/cmake --build /home/pulak/ros2_workspace/build/sonar_slam_bringup -- -j8 -l8
[2.098s] DEBUG:colcon.colcon_core.event_handler.log_command:Invoked command in '/home/pulak/ros2_workspace/build/sonar_slam_description' returned '0': CMAKE_PREFIX_PATH=${CMAKE_PREFIX_PATH}:/opt/ros/humble /usr/bin/cmake --build /home/pulak/ros2_workspace/build/sonar_slam_description -- -j8 -l8
[2.114s] DEBUG:colcon.colcon_core.event_handler.log_command:Invoking command in '/home/pulak/ros2_workspace/build/sonar_slam_bringup': CMAKE_PREFIX_PATH=${CMAKE_PREFIX_PATH}:/opt/ros/humble /usr/bin/cmake --install /home/pulak/ros2_workspace/build/sonar_slam_bringup
[2.127s] DEBUG:colcon.colcon_core.event_handler.log_command:Invoking command in '/home/pulak/ros2_workspace/build/sonar_slam_description': CMAKE_PREFIX_PATH=${CMAKE_PREFIX_PATH}:/opt/ros/humble /usr/bin/cmake --install /home/pulak/ros2_workspace/build/sonar_slam_description
[2.141s] Level 1:colcon.colcon_core.environment:create_environment_scripts_only(sonar_slam_bringup)
[2.142s] DEBUG:colcon.colcon_core.event_handler.log_command:Invoked command in '/home/pulak/ros2_workspace/build/sonar_slam_bringup' returned '0': CMAKE_PREFIX_PATH=${CMAKE_PREFIX_PATH}:/opt/ros/humble /usr/bin/cmake --install /home/pulak/ros2_workspace/build/sonar_slam_bringup
[2.162s] Level 1:colcon.colcon_core.environment:checking '/home/pulak/ros2_workspace/install/sonar_slam_bringup' for CMake module files
[2.162s] Level 1:colcon.colcon_core.environment:checking '/home/pulak/ros2_workspace/install/sonar_slam_bringup' for CMake config files
[2.162s] Level 1:colcon.colcon_core.shell:create_environment_hook('sonar_slam_bringup', 'cmake_prefix_path')
[2.179s] INFO:colcon.colcon_core.shell:Creating environment hook '/home/pulak/ros2_workspace/install/sonar_slam_bringup/share/sonar_slam_bringup/hook/cmake_prefix_path.ps1'
[2.180s] INFO:colcon.colcon_core.shell:Creating environment descriptor '/home/pulak/ros2_workspace/install/sonar_slam_bringup/share/sonar_slam_bringup/hook/cmake_prefix_path.dsv'
[2.180s] INFO:colcon.colcon_core.shell:Creating environment hook '/home/pulak/ros2_workspace/install/sonar_slam_bringup/share/sonar_slam_bringup/hook/cmake_prefix_path.sh'
[2.181s] Level 1:colcon.colcon_core.environment:checking '/home/pulak/ros2_workspace/install/sonar_slam_bringup/bin'
[2.181s] Level 1:colcon.colcon_core.environment:checking '/home/pulak/ros2_workspace/install/sonar_slam_bringup/lib/pkgconfig/sonar_slam_bringup.pc'
[2.182s] Level 1:colcon.colcon_core.environment:checking '/home/pulak/ros2_workspace/install/sonar_slam_bringup/lib/python3.10/site-packages'
[2.182s] Level 1:colcon.colcon_core.environment:checking '/home/pulak/ros2_workspace/install/sonar_slam_bringup/bin'
[2.199s] INFO:colcon.colcon_core.shell:Creating package script '/home/pulak/ros2_workspace/install/sonar_slam_bringup/share/sonar_slam_bringup/package.ps1'
[2.200s] INFO:colcon.colcon_core.shell:Creating package descriptor '/home/pulak/ros2_workspace/install/sonar_slam_bringup/share/sonar_slam_bringup/package.dsv'
[2.200s] INFO:colcon.colcon_core.shell:Creating package script '/home/pulak/ros2_workspace/install/sonar_slam_bringup/share/sonar_slam_bringup/package.sh'
[2.201s] INFO:colcon.colcon_core.shell:Creating package script '/home/pulak/ros2_workspace/install/sonar_slam_bringup/share/sonar_slam_bringup/package.bash'
[2.202s] INFO:colcon.colcon_core.shell:Creating package script '/home/pulak/ros2_workspace/install/sonar_slam_bringup/share/sonar_slam_bringup/package.zsh'
[2.202s] Level 1:colcon.colcon_core.environment:create_file_with_runtime_dependencies(/home/pulak/ros2_workspace/install/sonar_slam_bringup/share/colcon-core/packages/sonar_slam_bringup)
[2.204s] Level 1:colcon.colcon_core.environment:create_environment_scripts_only(sonar_slam_description)
[2.205s] DEBUG:colcon.colcon_core.event_handler.log_command:Invoked command in '/home/pulak/ros2_workspace/build/sonar_slam_description' returned '0': CMAKE_PREFIX_PATH=${CMAKE_PREFIX_PATH}:/opt/ros/humble /usr/bin/cmake --install /home/pulak/ros2_workspace/build/sonar_slam_description
[2.221s] Level 1:colcon.colcon_core.environment:checking '/home/pulak/ros2_workspace/install/sonar_slam_description' for CMake module files
[2.222s] Level 1:colcon.colcon_core.environment:checking '/home/pulak/ros2_workspace/install/sonar_slam_description' for CMake config files
[2.222s] Level 1:colcon.colcon_core.shell:create_environment_hook('sonar_slam_description', 'cmake_prefix_path')
[2.240s] INFO:colcon.colcon_core.shell:Creating environment hook '/home/pulak/ros2_workspace/install/sonar_slam_description/share/sonar_slam_description/hook/cmake_prefix_path.ps1'
[2.241s] INFO:colcon.colcon_core.shell:Creating environment descriptor '/home/pulak/ros2_workspace/install/sonar_slam_description/share/sonar_slam_description/hook/cmake_prefix_path.dsv'
[2.241s] INFO:colcon.colcon_core.shell:Creating environment hook '/home/pulak/ros2_workspace/install/sonar_slam_description/share/sonar_slam_description/hook/cmake_prefix_path.sh'
[2.242s] Level 1:colcon.colcon_core.environment:checking '/home/pulak/ros2_workspace/install/sonar_slam_description/bin'
[2.242s] Level 1:colcon.colcon_core.environment:checking '/home/pulak/ros2_workspace/install/sonar_slam_description/lib/pkgconfig/sonar_slam_description.pc'
[2.242s] Level 1:colcon.colcon_core.environment:checking '/home/pulak/ros2_workspace/install/sonar_slam_description/lib/python3.10/site-packages'
[2.242s] Level 1:colcon.colcon_core.environment:checking '/home/pulak/ros2_workspace/install/sonar_slam_description/bin'
[2.259s] INFO:colcon.colcon_core.shell:Creating package script '/home/pulak/ros2_workspace/install/sonar_slam_description/share/sonar_slam_description/package.ps1'
[2.259s] INFO:colcon.colcon_core.shell:Creating package descriptor '/home/pulak/ros2_workspace/install/sonar_slam_description/share/sonar_slam_description/package.dsv'
[2.260s] INFO:colcon.colcon_core.shell:Creating package script '/home/pulak/ros2_workspace/install/sonar_slam_description/share/sonar_slam_description/package.sh'
[2.260s] INFO:colcon.colcon_core.shell:Creating package script '/home/pulak/ros2_workspace/install/sonar_slam_description/share/sonar_slam_description/package.bash'
[2.261s] INFO:colcon.colcon_core.shell:Creating package script '/home/pulak/ros2_workspace/install/sonar_slam_description/share/sonar_slam_description/package.zsh'
[2.261s] Level 1:colcon.colcon_core.environment:create_file_with_runtime_dependencies(/home/pulak/ros2_workspace/install/sonar_slam_description/share/colcon-core/packages/sonar_slam_description)
[2.279s] Level 1:colcon.colcon_core.environment:create_environment_scripts_only(sonar_slam_bringup)
[2.296s] Level 1:colcon.colcon_core.environment:checking '/home/pulak/ros2_workspace/install/sonar_slam_bringup' for CMake module files
[2.297s] Level 1:colcon.colcon_core.environment:checking '/home/pulak/ros2_workspace/install/sonar_slam_bringup' for CMake config files
[2.297s] Level 1:colcon.colcon_core.shell:create_environment_hook('sonar_slam_bringup', 'cmake_prefix_path')
[2.314s] INFO:colcon.colcon_core.shell:Creating environment hook '/home/pulak/ros2_workspace/install/sonar_slam_bringup/share/sonar_slam_bringup/hook/cmake_prefix_path.ps1'
[2.315s] INFO:colcon.colcon_core.shell:Creating environment descriptor '/home/pulak/ros2_workspace/install/sonar_slam_bringup/share/sonar_slam_bringup/hook/cmake_prefix_path.dsv'
[2.315s] INFO:colcon.colcon_core.shell:Creating environment hook '/home/pulak/ros2_workspace/install/sonar_slam_bringup/share/sonar_slam_bringup/hook/cmake_prefix_path.sh'
[2.316s] Level 1:colcon.colcon_core.environment:checking '/home/pulak/ros2_workspace/install/sonar_slam_bringup/bin'
[2.316s] Level 1:colcon.colcon_core.environment:checking '/home/pulak/ros2_workspace/install/sonar_slam_bringup/lib/pkgconfig/sonar_slam_bringup.pc'
[2.316s] Level 1:colcon.colcon_core.environment:checking '/home/pulak/ros2_workspace/install/sonar_slam_bringup/lib/python3.10/site-packages'
[2.316s] Level 1:colcon.colcon_core.environment:checking '/home/pulak/ros2_workspace/install/sonar_slam_bringup/bin'
[2.333s] INFO:colcon.colcon_core.shell:Creating package script '/home/pulak/ros2_workspace/install/sonar_slam_bringup/share/sonar_slam_bringup/package.ps1'
[2.334s] INFO:colcon.colcon_core.shell:Creating package descriptor '/home/pulak/ros2_workspace/install/sonar_slam_bringup/share/sonar_slam_bringup/package.dsv'
[2.335s] INFO:colcon.colcon_core.shell:Creating package script '/home/pulak/ros2_workspace/install/sonar_slam_bringup/share/sonar_slam_bringup/package.sh'
[2.335s] INFO:colcon.colcon_core.shell:Creating package script '/home/pulak/ros2_workspace/install/sonar_slam_bringup/share/sonar_slam_bringup/package.bash'
[2.335s] INFO:colcon.colcon_core.shell:Creating package script '/home/pulak/ros2_workspace/install/sonar_slam_bringup/share/sonar_slam_bringup/package.zsh'
[2.336s] Level 1:colcon.colcon_core.environment:create_file_with_runtime_dependencies(/home/pulak/ros2_workspace/install/sonar_slam_bringup/share/colcon-core/packages/sonar_slam_bringup)
[2.352s] Level 1:colcon.colcon_core.environment:create_environment_scripts_only(sonar_slam_description)
[2.368s] Level 1:colcon.colcon_core.environment:checking '/home/pulak/ros2_workspace/install/sonar_slam_description' for CMake module files
[2.368s] Level 1:colcon.colcon_core.environment:checking '/home/pulak/ros2_workspace/install/sonar_slam_description' for CMake config files
[2.369s] Level 1:colcon.colcon_core.shell:create_environment_hook('sonar_slam_description', 'cmake_prefix_path')
[2.385s] INFO:colcon.colcon_core.shell:Creating environment hook '/home/pulak/ros2_workspace/install/sonar_slam_description/share/sonar_slam_description/hook/cmake_prefix_path.ps1'
[2.386s] INFO:colcon.colcon_core.shell:Creating environment descriptor '/home/pulak/ros2_workspace/install/sonar_slam_description/share/sonar_slam_description/hook/cmake_prefix_path.dsv'
[2.386s] INFO:colcon.colcon_core.shell:Creating environment hook '/home/pulak/ros2_workspace/install/sonar_slam_description/share/sonar_slam_description/hook/cmake_prefix_path.sh'
[2.387s] Level 1:colcon.colcon_core.environment:checking '/home/pulak/ros2_workspace/install/sonar_slam_description/bin'
[2.387s] Level 1:colcon.colcon_core.environment:checking '/home/pulak/ros2_workspace/install/sonar_slam_description/lib/pkgconfig/sonar_slam_description.pc'
[2.387s] Level 1:colcon.colcon_core.environment:checking '/home/pulak/ros2_workspace/install/sonar_slam_description/lib/python3.10/site-packages'
[2.387s] Level 1:colcon.colcon_core.environment:checking '/home/pulak/ros2_workspace/install/sonar_slam_description/bin'
[2.419s] INFO:colcon.colcon_core.shell:Creating package script '/home/pulak/ros2_workspace/install/sonar_slam_description/share/sonar_slam_description/package.ps1'
[2.419s] INFO:colcon.colcon_core.shell:Creating package descriptor '/home/pulak/ros2_workspace/install/sonar_slam_description/share/sonar_slam_description/package.dsv'
[2.420s] INFO:colcon.colcon_core.shell:Creating package script '/home/pulak/ros2_workspace/install/sonar_slam_description/share/sonar_slam_description/package.sh'
[2.420s] INFO:colcon.colcon_core.shell:Creating package script '/home/pulak/ros2_workspace/install/sonar_slam_description/share/sonar_slam_description/package.bash'
[2.421s] INFO:colcon.colcon_core.shell:Creating package script '/home/pulak/ros2_workspace/install/sonar_slam_description/share/sonar_slam_description/package.zsh'
[2.421s] Level 1:colcon.colcon_core.environment:create_file_with_runtime_dependencies(/home/pulak/ros2_workspace/install/sonar_slam_description/share/colcon-core/packages/sonar_slam_description)
[2.421s] DEBUG:colcon.colcon_parallel_executor.executor.parallel:closing loop
[2.421s] DEBUG:colcon.colcon_parallel_executor.executor.parallel:loop closed
[2.422s] DEBUG:colcon.colcon_parallel_executor.executor.parallel:run_until_complete finished with '0'
[2.422s] DEBUG:colcon.colcon_core.event_reactor:joining thread
[2.448s] INFO:colcon.colcon_core.plugin_system:Skipping extension 'colcon_notification.desktop_notification.terminal_notifier': Not used on non-Darwin systems
[2.449s] INFO:colcon.colcon_core.plugin_system:Skipping extension 'colcon_notification.desktop_notification.win32': Not used on non-Windows systems
[2.449s] INFO:colcon.colcon_notification.desktop_notification:Sending desktop notification using 'notify2'
[2.467s] DEBUG:colcon.colcon_core.event_reactor:joined thread
[2.486s] INFO:colcon.colcon_core.shell:Creating prefix script '/home/pulak/ros2_workspace/install/local_setup.ps1'
[2.487s] INFO:colcon.colcon_core.shell:Creating prefix util module '/home/pulak/ros2_workspace/install/_local_setup_util_ps1.py'
[2.489s] INFO:colcon.colcon_core.shell:Creating prefix chain script '/home/pulak/ros2_workspace/install/setup.ps1'
[2.506s] INFO:colcon.colcon_core.shell:Creating prefix script '/home/pulak/ros2_workspace/install/local_setup.sh'
[2.507s] INFO:colcon.colcon_core.shell:Creating prefix util module '/home/pulak/ros2_workspace/install/_local_setup_util_sh.py'
[2.507s] INFO:colcon.colcon_core.shell:Creating prefix chain script '/home/pulak/ros2_workspace/install/setup.sh'
[2.525s] INFO:colcon.colcon_core.shell:Creating prefix script '/home/pulak/ros2_workspace/install/local_setup.bash'
[2.526s] INFO:colcon.colcon_core.shell:Creating prefix chain script '/home/pulak/ros2_workspace/install/setup.bash'
[2.542s] INFO:colcon.colcon_core.shell:Creating prefix script '/home/pulak/ros2_workspace/install/local_setup.zsh'
[2.542s] INFO:colcon.colcon_core.shell:Creating prefix chain script '/home/pulak/ros2_workspace/install/setup.zsh'
