[0.138s] Invoking command in '/home/pulak/ros2_workspace/build/sonar_slam_bringup': /usr/bin/cmake /home/pulak/ros2_workspace/src/sonar_slam_bringup -DCMAKE_INSTALL_PREFIX=/home/pulak/ros2_workspace/install/sonar_slam_bringup
[0.171s] -- Found ament_cmake: 1.3.5 (/opt/ros/humble/share/ament_cmake/cmake)
[0.405s] Error parsing '/home/pulak/ros2_workspace/src/sonar_slam_bringup/package.xml':
[0.459s] Traceback (most recent call last):
[0.459s]   File "/opt/ros/humble/share/ament_cmake_core/cmake/core/package_xml_2_cmake.py", line 150, in <module>
[0.459s]     main()
[0.459s]   File "/opt/ros/humble/share/ament_cmake_core/cmake/core/package_xml_2_cmake.py", line 53, in main
[0.459s]     raise e
[0.460s]   File "/opt/ros/humble/share/ament_cmake_core/cmake/core/package_xml_2_cmake.py", line 49, in main
[0.460s]     package = parse_package_string(
[0.460s]   File "/usr/lib/python3/dist-packages/catkin_pkg/package.py", line 786, in parse_package_string
[0.460s]     raise InvalidPackage('Error(s):%s' % (''.join(['\n- %s' % e for e in errors])), filename)
[0.460s] catkin_pkg.package.InvalidPackage: Error(s) in package '/home/pulak/ros2_workspace/src/sonar_slam_bringup/package.xml':
[0.460s] Error(s):
[0.460s] - The manifest of package "sonar_slam_bringup" (with format version 3) must not contain the following tags: exac_depend
[0.490s] -- Configuring incomplete, errors occurred!
[0.490s] See also "/home/pulak/ros2_workspace/build/sonar_slam_bringup/CMakeFiles/CMakeOutput.log".
[0.490s] [31mCMake Error at /opt/ros/humble/share/ament_cmake_core/cmake/core/ament_package_xml.cmake:95 (message):
[0.490s]   execute_process(/usr/bin/python3.10
[0.491s]   /opt/ros/humble/share/ament_cmake_core/cmake/core/package_xml_2_cmake.py
[0.491s]   /home/pulak/ros2_workspace/src/sonar_slam_bringup/package.xml
[0.491s]   /home/pulak/ros2_workspace/build/sonar_slam_bringup/ament_cmake_core/package.cmake)
[0.491s]   returned error code 1
[0.491s] Call Stack (most recent call first):
[0.492s]   /opt/ros/humble/share/ament_cmake_core/cmake/core/ament_package_xml.cmake:49 (_ament_package_xml)
[0.492s]   /opt/ros/humble/share/ament_cmake_core/cmake/core/ament_package.cmake:63 (ament_package_xml)
[0.492s]   CMakeLists.txt:16 (ament_package)
[0.492s] 
[0.492s] [0m
[0.496s] Invoked command in '/home/pulak/ros2_workspace/build/sonar_slam_bringup' returned '1': /usr/bin/cmake /home/pulak/ros2_workspace/src/sonar_slam_bringup -DCMAKE_INSTALL_PREFIX=/home/pulak/ros2_workspace/install/sonar_slam_bringup
