-- Install configuration: ""
-- Up-to-date: /home/pulak/ros2_workspace/install/sonar_slam_description/share/sonar_slam_description//urdf
-- Up-to-date: /home/pulak/ros2_workspace/install/sonar_slam_description/share/sonar_slam_description//urdf/sonar_slam.urdf
-- Up-to-date: /home/pulak/ros2_workspace/install/sonar_slam_description/share/sonar_slam_description//launch
-- Up-to-date: /home/pulak/ros2_workspace/install/sonar_slam_description/share/sonar_slam_description//launch/display.launch.xml
-- Up-to-date: /home/pulak/ros2_workspace/install/sonar_slam_description/share/sonar_slam_description//rviz
-- Up-to-date: /home/pulak/ros2_workspace/install/sonar_slam_description/share/sonar_slam_description//rviz/sonar_slam_config.rviz
-- Up-to-date: /home/pulak/ros2_workspace/install/sonar_slam_description/share/ament_index/resource_index/package_run_dependencies/sonar_slam_description
-- Up-to-date: /home/pulak/ros2_workspace/install/sonar_slam_description/share/ament_index/resource_index/parent_prefix_path/sonar_slam_description
-- Up-to-date: /home/pulak/ros2_workspace/install/sonar_slam_description/share/sonar_slam_description/environment/ament_prefix_path.sh
-- Up-to-date: /home/pulak/ros2_workspace/install/sonar_slam_description/share/sonar_slam_description/environment/ament_prefix_path.dsv
-- Up-to-date: /home/pulak/ros2_workspace/install/sonar_slam_description/share/sonar_slam_description/environment/path.sh
-- Up-to-date: /home/pulak/ros2_workspace/install/sonar_slam_description/share/sonar_slam_description/environment/path.dsv
-- Up-to-date: /home/pulak/ros2_workspace/install/sonar_slam_description/share/sonar_slam_description/local_setup.bash
-- Up-to-date: /home/pulak/ros2_workspace/install/sonar_slam_description/share/sonar_slam_description/local_setup.sh
-- Up-to-date: /home/pulak/ros2_workspace/install/sonar_slam_description/share/sonar_slam_description/local_setup.zsh
-- Up-to-date: /home/pulak/ros2_workspace/install/sonar_slam_description/share/sonar_slam_description/local_setup.dsv
-- Installing: /home/pulak/ros2_workspace/install/sonar_slam_description/share/sonar_slam_description/package.dsv
-- Up-to-date: /home/pulak/ros2_workspace/install/sonar_slam_description/share/ament_index/resource_index/packages/sonar_slam_description
-- Up-to-date: /home/pulak/ros2_workspace/install/sonar_slam_description/share/sonar_slam_description/cmake/sonar_slam_descriptionConfig.cmake
-- Up-to-date: /home/pulak/ros2_workspace/install/sonar_slam_description/share/sonar_slam_description/cmake/sonar_slam_descriptionConfig-version.cmake
-- Up-to-date: /home/pulak/ros2_workspace/install/sonar_slam_description/share/sonar_slam_description/package.xml
