[0.140s] Invoking command in '/home/pulak/ros2_workspace/build/sonar_slam_bringup': /usr/bin/cmake /home/pulak/ros2_workspace/src/sonar_slam_bringup -DCMAKE_INSTALL_PREFIX=/home/pulak/ros2_workspace/install/sonar_slam_bringup
[0.270s] -- The C compiler identification is GNU 11.4.0
[0.374s] -- The CXX compiler identification is GNU 11.4.0
[0.384s] -- Detecting C compiler ABI info
[0.475s] -- Detecting C compiler ABI info - done
[0.485s] -- Check for working C compiler: /usr/bin/cc - skipped
[0.485s] -- Detecting C compile features
[0.486s] -- Detecting C compile features - done
[0.490s] -- Detecting CXX compiler ABI info
[0.591s] -- Detecting CXX compiler ABI info - done
[0.600s] -- Check for working CXX compiler: /usr/bin/c++ - skipped
[0.600s] -- Detecting CXX compile features
[0.600s] -- Detecting CXX compile features - done
[0.604s] -- Found ament_cmake: 1.3.5 (/opt/ros/humble/share/ament_cmake/cmake)
[0.810s] -- Found Python3: /usr/bin/python3.10 (found version "3.10.12") found components: Interpreter 
[0.968s] Error parsing '/home/pulak/ros2_workspace/src/sonar_slam_bringup/package.xml':
[1.018s] Traceback (most recent call last):
[1.018s]   File "/opt/ros/humble/share/ament_cmake_core/cmake/core/package_xml_2_cmake.py", line 150, in <module>
[1.018s]     main()
[1.018s]   File "/opt/ros/humble/share/ament_cmake_core/cmake/core/package_xml_2_cmake.py", line 53, in main
[1.019s]     raise e
[1.019s]   File "/opt/ros/humble/share/ament_cmake_core/cmake/core/package_xml_2_cmake.py", line 49, in main
[1.019s]     package = parse_package_string(
[1.019s]   File "/usr/lib/python3/dist-packages/catkin_pkg/package.py", line 786, in parse_package_string
[1.019s]     raise InvalidPackage('Error(s):%s' % (''.join(['\n- %s' % e for e in errors])), filename)
[1.019s] catkin_pkg.package.InvalidPackage: Error(s) in package '/home/pulak/ros2_workspace/src/sonar_slam_bringup/package.xml':
[1.020s] Error(s):
[1.020s] - The manifest of package "sonar_slam_bringup" (with format version 3) must not contain the following tags: exac_depend
[1.041s] [31mCMake Error at /opt/ros/humble/share/ament_cmake_core/cmake/core/ament_package_xml.cmake:95 (message):
[1.041s]   execute_process(/usr/bin/python3.10
[1.041s]   /opt/ros/humble/share/ament_cmake_core/cmake/core/package_xml_2_cmake.py
[1.042s]   /home/pulak/ros2_workspace/src/sonar_slam_bringup/package.xml
[1.042s]   /home/pulak/ros2_workspace/build/sonar_slam_bringup/ament_cmake_core/package.cmake)
[1.042s]   returned error code 1
[1.042s] Call Stack (most recent call first):
[1.043s]   /opt/ros/humble/share/ament_cmake_core/cmake/core/ament_package_xml.cmake:49 (_ament_package_xml)
[1.043s]   /opt/ros/humble/share/ament_cmake_core/cmake/core/ament_package.cmake:63 (ament_package_xml)
[1.043s]   CMakeLists.txt:16 (ament_package)
[1.043s] 
[1.043s] [0m
[1.044s] -- Configuring incomplete, errors occurred!
[1.044s] See also "/home/pulak/ros2_workspace/build/sonar_slam_bringup/CMakeFiles/CMakeOutput.log".
[1.054s] Invoked command in '/home/pulak/ros2_workspace/build/sonar_slam_bringup' returned '1': /usr/bin/cmake /home/pulak/ros2_workspace/src/sonar_slam_bringup -DCMAKE_INSTALL_PREFIX=/home/pulak/ros2_workspace/install/sonar_slam_bringup
