[0.140s] Invoking command in '/home/pulak/ros2_workspace/build/sonar_slam_bringup': CMAKE_PREFIX_PATH=${CMAKE_PREFIX_PATH}:/opt/ros/humble /usr/bin/cmake --build /home/pulak/ros2_workspace/build/sonar_slam_bringup -- -j8 -l8
[0.194s] Invoked command in '/home/pulak/ros2_workspace/build/sonar_slam_bringup' returned '0': CMAKE_PREFIX_PATH=${CMAKE_PREFIX_PATH}:/opt/ros/humble /usr/bin/cmake --build /home/pulak/ros2_workspace/build/sonar_slam_bringup -- -j8 -l8
[0.236s] Invoking command in '/home/pulak/ros2_workspace/build/sonar_slam_bringup': CMAKE_PREFIX_PATH=${CMAKE_PREFIX_PATH}:/opt/ros/humble /usr/bin/cmake --install /home/pulak/ros2_workspace/build/sonar_slam_bringup
[0.245s] -- Install configuration: ""
[0.246s] -- Execute custom install script
[0.246s] -- Up-to-date symlink: /home/pulak/ros2_workspace/install/sonar_slam_bringup/share/sonar_slam_bringup//launch/sonar_slam_gazebo.launch.xml
[0.246s] -- Up-to-date symlink: /home/pulak/ros2_workspace/install/sonar_slam_bringup/share/ament_index/resource_index/package_run_dependencies/sonar_slam_bringup
[0.246s] -- Up-to-date symlink: /home/pulak/ros2_workspace/install/sonar_slam_bringup/share/ament_index/resource_index/parent_prefix_path/sonar_slam_bringup
[0.247s] -- Up-to-date symlink: /home/pulak/ros2_workspace/install/sonar_slam_bringup/share/sonar_slam_bringup/environment/ament_prefix_path.sh
[0.247s] -- Up-to-date symlink: /home/pulak/ros2_workspace/install/sonar_slam_bringup/share/sonar_slam_bringup/environment/ament_prefix_path.dsv
[0.247s] -- Up-to-date symlink: /home/pulak/ros2_workspace/install/sonar_slam_bringup/share/sonar_slam_bringup/environment/path.sh
[0.247s] -- Up-to-date symlink: /home/pulak/ros2_workspace/install/sonar_slam_bringup/share/sonar_slam_bringup/environment/path.dsv
[0.247s] -- Up-to-date symlink: /home/pulak/ros2_workspace/install/sonar_slam_bringup/share/sonar_slam_bringup/local_setup.bash
[0.247s] -- Up-to-date symlink: /home/pulak/ros2_workspace/install/sonar_slam_bringup/share/sonar_slam_bringup/local_setup.sh
[0.248s] -- Up-to-date symlink: /home/pulak/ros2_workspace/install/sonar_slam_bringup/share/sonar_slam_bringup/local_setup.zsh
[0.248s] -- Up-to-date symlink: /home/pulak/ros2_workspace/install/sonar_slam_bringup/share/sonar_slam_bringup/local_setup.dsv
[0.248s] -- Symlinking: /home/pulak/ros2_workspace/install/sonar_slam_bringup/share/sonar_slam_bringup/package.dsv
[0.260s] -- Up-to-date symlink: /home/pulak/ros2_workspace/install/sonar_slam_bringup/share/ament_index/resource_index/packages/sonar_slam_bringup
[0.261s] -- Up-to-date symlink: /home/pulak/ros2_workspace/install/sonar_slam_bringup/share/sonar_slam_bringup/cmake/sonar_slam_bringupConfig.cmake
[0.261s] -- Up-to-date symlink: /home/pulak/ros2_workspace/install/sonar_slam_bringup/share/sonar_slam_bringup/cmake/sonar_slam_bringupConfig-version.cmake
[0.261s] -- Up-to-date symlink: /home/pulak/ros2_workspace/install/sonar_slam_bringup/share/sonar_slam_bringup/package.xml
[0.264s] Invoked command in '/home/pulak/ros2_workspace/build/sonar_slam_bringup' returned '0': CMAKE_PREFIX_PATH=${CMAKE_PREFIX_PATH}:/opt/ros/humble /usr/bin/cmake --install /home/pulak/ros2_workspace/build/sonar_slam_bringup
