[1.091s] DEBUG:colcon:Command line arguments: ['/usr/bin/colcon', 'build']
[1.091s] DEBUG:colcon:Parsed command line arguments: Namespace(log_base=None, log_level=None, verb_name='build', build_base='build', install_base='install', merge_install=False, symlink_install=False, test_result_base=None, continue_on_error=False, executor='parallel', parallel_workers=8, event_handlers=None, ignore_user_meta=False, metas=['./colcon.meta'], base_paths=['.'], packages_ignore=None, packages_ignore_regex=None, paths=None, packages_up_to=None, packages_up_to_regex=None, packages_above=None, packages_above_and_dependencies=None, packages_above_depth=None, packages_select_by_dep=None, packages_skip_by_dep=None, packages_skip_up_to=None, packages_select_build_failed=False, packages_skip_build_finished=False, packages_select_test_failures=False, packages_skip_test_passed=False, packages_select=None, packages_skip=None, packages_select_regex=None, packages_skip_regex=None, packages_start=None, packages_end=None, allow_overriding=[], cmake_args=None, cmake_target=None, cmake_target_skip_unavailable=False, cmake_clean_cache=False, cmake_clean_first=False, cmake_force_configure=False, ament_cmake_args=None, catkin_cmake_args=None, catkin_skip_building_tests=False, verb_parser=<colcon_defaults.argument_parser.defaults.DefaultArgumentsDecorator object at 0x7f682ca3d690>, verb_extension=<colcon_core.verb.build.BuildVerb object at 0x7f682ca3d960>, main=<bound method BuildVerb.main of <colcon_core.verb.build.BuildVerb object at 0x7f682ca3d960>>)
[1.141s] Level 1:colcon.colcon_core.package_discovery:discover_packages(colcon_meta) check parameters
[1.141s] Level 1:colcon.colcon_core.package_discovery:discover_packages(recursive) check parameters
[1.141s] Level 1:colcon.colcon_core.package_discovery:discover_packages(ignore) check parameters
[1.141s] Level 1:colcon.colcon_core.package_discovery:discover_packages(path) check parameters
[1.141s] Level 1:colcon.colcon_core.package_discovery:discover_packages(colcon_meta) discover
[1.141s] Level 1:colcon.colcon_core.package_discovery:discover_packages(recursive) discover
[1.141s] INFO:colcon.colcon_core.package_discovery:Crawling recursively for packages in '/home/pulak/ros2_workspace/src'
[1.141s] Level 1:colcon.colcon_core.package_identification:_identify(.) by extensions ['ignore', 'ignore_ament_install']
[1.141s] Level 1:colcon.colcon_core.package_identification:_identify(.) by extension 'ignore'
[1.141s] Level 1:colcon.colcon_core.package_identification:_identify(.) by extension 'ignore_ament_install'
[1.141s] Level 1:colcon.colcon_core.package_identification:_identify(.) by extensions ['colcon_pkg']
[1.142s] Level 1:colcon.colcon_core.package_identification:_identify(.) by extension 'colcon_pkg'
[1.142s] Level 1:colcon.colcon_core.package_identification:_identify(.) by extensions ['colcon_meta']
[1.142s] Level 1:colcon.colcon_core.package_identification:_identify(.) by extension 'colcon_meta'
[1.142s] Level 1:colcon.colcon_core.package_identification:_identify(.) by extensions ['ros']
[1.142s] Level 1:colcon.colcon_core.package_identification:_identify(.) by extension 'ros'
[1.153s] Level 1:colcon.colcon_core.package_identification:_identify(.) by extensions ['cmake', 'python']
[1.153s] Level 1:colcon.colcon_core.package_identification:_identify(.) by extension 'cmake'
[1.154s] Level 1:colcon.colcon_core.package_identification:_identify(.) by extension 'python'
[1.154s] Level 1:colcon.colcon_core.package_identification:_identify(.) by extensions ['python_setup_py']
[1.154s] Level 1:colcon.colcon_core.package_identification:_identify(.) by extension 'python_setup_py'
[1.154s] Level 1:colcon.colcon_core.package_identification:_identify(build) by extensions ['ignore', 'ignore_ament_install']
[1.154s] Level 1:colcon.colcon_core.package_identification:_identify(build) by extension 'ignore'
[1.154s] Level 1:colcon.colcon_core.package_identification:_identify(build) ignored
[1.154s] Level 1:colcon.colcon_core.package_identification:_identify(install) by extensions ['ignore', 'ignore_ament_install']
[1.154s] Level 1:colcon.colcon_core.package_identification:_identify(install) by extension 'ignore'
[1.154s] Level 1:colcon.colcon_core.package_identification:_identify(install) ignored
[1.154s] Level 1:colcon.colcon_core.package_identification:_identify(log) by extensions ['ignore', 'ignore_ament_install']
[1.154s] Level 1:colcon.colcon_core.package_identification:_identify(log) by extension 'ignore'
[1.154s] Level 1:colcon.colcon_core.package_identification:_identify(log) ignored
[1.154s] Level 1:colcon.colcon_core.package_identification:_identify(sonar_slam_bringup) by extensions ['ignore', 'ignore_ament_install']
[1.155s] Level 1:colcon.colcon_core.package_identification:_identify(sonar_slam_bringup) by extension 'ignore'
[1.155s] Level 1:colcon.colcon_core.package_identification:_identify(sonar_slam_bringup) by extension 'ignore_ament_install'
[1.155s] Level 1:colcon.colcon_core.package_identification:_identify(sonar_slam_bringup) by extensions ['colcon_pkg']
[1.155s] Level 1:colcon.colcon_core.package_identification:_identify(sonar_slam_bringup) by extension 'colcon_pkg'
[1.155s] Level 1:colcon.colcon_core.package_identification:_identify(sonar_slam_bringup) by extensions ['colcon_meta']
[1.155s] Level 1:colcon.colcon_core.package_identification:_identify(sonar_slam_bringup) by extension 'colcon_meta'
[1.155s] Level 1:colcon.colcon_core.package_identification:_identify(sonar_slam_bringup) by extensions ['ros']
[1.155s] Level 1:colcon.colcon_core.package_identification:_identify(sonar_slam_bringup) by extension 'ros'
[1.158s] DEBUG:colcon.colcon_core.package_identification:Package 'sonar_slam_bringup' with type 'ros.ament_cmake' and name 'sonar_slam_bringup'
[1.158s] Level 1:colcon.colcon_core.package_identification:_identify(sonar_slam_description) by extensions ['ignore', 'ignore_ament_install']
[1.158s] Level 1:colcon.colcon_core.package_identification:_identify(sonar_slam_description) by extension 'ignore'
[1.159s] Level 1:colcon.colcon_core.package_identification:_identify(sonar_slam_description) by extension 'ignore_ament_install'
[1.159s] Level 1:colcon.colcon_core.package_identification:_identify(sonar_slam_description) by extensions ['colcon_pkg']
[1.159s] Level 1:colcon.colcon_core.package_identification:_identify(sonar_slam_description) by extension 'colcon_pkg'
[1.159s] Level 1:colcon.colcon_core.package_identification:_identify(sonar_slam_description) by extensions ['colcon_meta']
[1.159s] Level 1:colcon.colcon_core.package_identification:_identify(sonar_slam_description) by extension 'colcon_meta'
[1.159s] Level 1:colcon.colcon_core.package_identification:_identify(sonar_slam_description) by extensions ['ros']
[1.159s] Level 1:colcon.colcon_core.package_identification:_identify(sonar_slam_description) by extension 'ros'
[1.159s] DEBUG:colcon.colcon_core.package_identification:Package 'sonar_slam_description' with type 'ros.ament_cmake' and name 'sonar_slam_description'
[1.159s] Level 1:colcon.colcon_core.package_discovery:discover_packages(recursive) using defaults
[1.159s] Level 1:colcon.colcon_core.package_discovery:discover_packages(ignore) discover
[1.159s] Level 1:colcon.colcon_core.package_discovery:discover_packages(ignore) using defaults
[1.160s] Level 1:colcon.colcon_core.package_discovery:discover_packages(path) discover
[1.160s] Level 1:colcon.colcon_core.package_discovery:discover_packages(path) using defaults
[1.257s] Level 1:colcon.colcon_core.package_discovery:discover_packages(prefix_path) check parameters
[1.257s] Level 1:colcon.colcon_core.package_discovery:discover_packages(prefix_path) discover
[1.288s] DEBUG:colcon.colcon_installed_package_information.package_discovery:Found 2 installed packages in /home/pulak/ros2_workspace/install
[1.305s] DEBUG:colcon.colcon_installed_package_information.package_discovery:Found 281 installed packages in /opt/ros/humble
[1.306s] Level 1:colcon.colcon_core.package_discovery:discover_packages(prefix_path) using defaults
[1.403s] Level 5:colcon.colcon_core.verb:set package 'sonar_slam_description' build argument 'cmake_args' from command line to 'None'
[1.403s] Level 5:colcon.colcon_core.verb:set package 'sonar_slam_description' build argument 'cmake_target' from command line to 'None'
[1.403s] Level 5:colcon.colcon_core.verb:set package 'sonar_slam_description' build argument 'cmake_target_skip_unavailable' from command line to 'False'
[1.403s] Level 5:colcon.colcon_core.verb:set package 'sonar_slam_description' build argument 'cmake_clean_cache' from command line to 'False'
[1.403s] Level 5:colcon.colcon_core.verb:set package 'sonar_slam_description' build argument 'cmake_clean_first' from command line to 'False'
[1.403s] Level 5:colcon.colcon_core.verb:set package 'sonar_slam_description' build argument 'cmake_force_configure' from command line to 'False'
[1.403s] Level 5:colcon.colcon_core.verb:set package 'sonar_slam_description' build argument 'ament_cmake_args' from command line to 'None'
[1.403s] Level 5:colcon.colcon_core.verb:set package 'sonar_slam_description' build argument 'catkin_cmake_args' from command line to 'None'
[1.403s] Level 5:colcon.colcon_core.verb:set package 'sonar_slam_description' build argument 'catkin_skip_building_tests' from command line to 'False'
[1.404s] DEBUG:colcon.colcon_core.verb:Building package 'sonar_slam_description' with the following arguments: {'ament_cmake_args': None, 'build_base': '/home/pulak/ros2_workspace/src/build/sonar_slam_description', 'catkin_cmake_args': None, 'catkin_skip_building_tests': False, 'cmake_args': None, 'cmake_clean_cache': False, 'cmake_clean_first': False, 'cmake_force_configure': False, 'cmake_target': None, 'cmake_target_skip_unavailable': False, 'install_base': '/home/pulak/ros2_workspace/src/install/sonar_slam_description', 'merge_install': False, 'path': '/home/pulak/ros2_workspace/src/sonar_slam_description', 'symlink_install': False, 'test_result_base': None}
[1.419s] Level 5:colcon.colcon_core.verb:set package 'sonar_slam_bringup' build argument 'cmake_args' from command line to 'None'
[1.419s] Level 5:colcon.colcon_core.verb:set package 'sonar_slam_bringup' build argument 'cmake_target' from command line to 'None'
[1.419s] Level 5:colcon.colcon_core.verb:set package 'sonar_slam_bringup' build argument 'cmake_target_skip_unavailable' from command line to 'False'
[1.419s] Level 5:colcon.colcon_core.verb:set package 'sonar_slam_bringup' build argument 'cmake_clean_cache' from command line to 'False'
[1.419s] Level 5:colcon.colcon_core.verb:set package 'sonar_slam_bringup' build argument 'cmake_clean_first' from command line to 'False'
[1.419s] Level 5:colcon.colcon_core.verb:set package 'sonar_slam_bringup' build argument 'cmake_force_configure' from command line to 'False'
[1.419s] Level 5:colcon.colcon_core.verb:set package 'sonar_slam_bringup' build argument 'ament_cmake_args' from command line to 'None'
[1.419s] Level 5:colcon.colcon_core.verb:set package 'sonar_slam_bringup' build argument 'catkin_cmake_args' from command line to 'None'
[1.419s] Level 5:colcon.colcon_core.verb:set package 'sonar_slam_bringup' build argument 'catkin_skip_building_tests' from command line to 'False'
[1.419s] DEBUG:colcon.colcon_core.verb:Building package 'sonar_slam_bringup' with the following arguments: {'ament_cmake_args': None, 'build_base': '/home/pulak/ros2_workspace/src/build/sonar_slam_bringup', 'catkin_cmake_args': None, 'catkin_skip_building_tests': False, 'cmake_args': None, 'cmake_clean_cache': False, 'cmake_clean_first': False, 'cmake_force_configure': False, 'cmake_target': None, 'cmake_target_skip_unavailable': False, 'install_base': '/home/pulak/ros2_workspace/src/install/sonar_slam_bringup', 'merge_install': False, 'path': '/home/pulak/ros2_workspace/src/sonar_slam_bringup', 'symlink_install': False, 'test_result_base': None}
[1.434s] INFO:colcon.colcon_core.executor:Executing jobs using 'parallel' executor
[1.450s] DEBUG:colcon.colcon_parallel_executor.executor.parallel:run_until_complete
[1.450s] INFO:colcon.colcon_ros.task.ament_cmake.build:Building ROS package in '/home/pulak/ros2_workspace/src/sonar_slam_description' with build type 'ament_cmake'
[1.451s] INFO:colcon.colcon_cmake.task.cmake.build:Building CMake package in '/home/pulak/ros2_workspace/src/sonar_slam_description'
[1.468s] INFO:colcon.colcon_core.plugin_system:Skipping extension 'colcon_core.shell.bat': Not used on non-Windows systems
[1.468s] INFO:colcon.colcon_core.shell:Skip shell extension 'powershell' for command environment: Not usable outside of PowerShell
[1.468s] DEBUG:colcon.colcon_core.shell:Skip shell extension 'dsv' for command environment
[1.527s] DEBUG:colcon.colcon_core.event_handler.log_command:Invoking command in '/home/pulak/ros2_workspace/src/build/sonar_slam_description': CMAKE_PREFIX_PATH=${CMAKE_PREFIX_PATH}:/opt/ros/humble /usr/bin/cmake /home/pulak/ros2_workspace/src/sonar_slam_description -DCMAKE_INSTALL_PREFIX=/home/pulak/ros2_workspace/src/install/sonar_slam_description
[2.491s] DEBUG:colcon.colcon_core.event_handler.log_command:Invoked command in '/home/pulak/ros2_workspace/src/build/sonar_slam_description' returned '0': CMAKE_PREFIX_PATH=${CMAKE_PREFIX_PATH}:/opt/ros/humble /usr/bin/cmake /home/pulak/ros2_workspace/src/sonar_slam_description -DCMAKE_INSTALL_PREFIX=/home/pulak/ros2_workspace/src/install/sonar_slam_description
[2.495s] DEBUG:colcon.colcon_core.event_handler.log_command:Invoking command in '/home/pulak/ros2_workspace/src/build/sonar_slam_description': CMAKE_PREFIX_PATH=${CMAKE_PREFIX_PATH}:/opt/ros/humble /usr/bin/cmake --build /home/pulak/ros2_workspace/src/build/sonar_slam_description -- -j8 -l8
[2.579s] DEBUG:colcon.colcon_core.event_handler.log_command:Invoked command in '/home/pulak/ros2_workspace/src/build/sonar_slam_description' returned '0': CMAKE_PREFIX_PATH=${CMAKE_PREFIX_PATH}:/opt/ros/humble /usr/bin/cmake --build /home/pulak/ros2_workspace/src/build/sonar_slam_description -- -j8 -l8
[2.671s] DEBUG:colcon.colcon_core.event_handler.log_command:Invoking command in '/home/pulak/ros2_workspace/src/build/sonar_slam_description': CMAKE_PREFIX_PATH=${CMAKE_PREFIX_PATH}:/opt/ros/humble /usr/bin/cmake --install /home/pulak/ros2_workspace/src/build/sonar_slam_description
[2.709s] Level 1:colcon.colcon_core.environment:create_environment_scripts_only(sonar_slam_description)
[2.710s] DEBUG:colcon.colcon_core.event_handler.log_command:Invoked command in '/home/pulak/ros2_workspace/src/build/sonar_slam_description' returned '0': CMAKE_PREFIX_PATH=${CMAKE_PREFIX_PATH}:/opt/ros/humble /usr/bin/cmake --install /home/pulak/ros2_workspace/src/build/sonar_slam_description
[2.733s] Level 1:colcon.colcon_core.environment:checking '/home/pulak/ros2_workspace/src/install/sonar_slam_description' for CMake module files
[2.734s] Level 1:colcon.colcon_core.environment:checking '/home/pulak/ros2_workspace/src/install/sonar_slam_description' for CMake config files
[2.734s] Level 1:colcon.colcon_core.shell:create_environment_hook('sonar_slam_description', 'cmake_prefix_path')
[2.749s] INFO:colcon.colcon_core.shell:Creating environment hook '/home/pulak/ros2_workspace/src/install/sonar_slam_description/share/sonar_slam_description/hook/cmake_prefix_path.ps1'
[2.750s] INFO:colcon.colcon_core.shell:Creating environment descriptor '/home/pulak/ros2_workspace/src/install/sonar_slam_description/share/sonar_slam_description/hook/cmake_prefix_path.dsv'
[2.750s] INFO:colcon.colcon_core.shell:Creating environment hook '/home/pulak/ros2_workspace/src/install/sonar_slam_description/share/sonar_slam_description/hook/cmake_prefix_path.sh'
[2.751s] Level 1:colcon.colcon_core.environment:checking '/home/pulak/ros2_workspace/src/install/sonar_slam_description/bin'
[2.751s] Level 1:colcon.colcon_core.environment:checking '/home/pulak/ros2_workspace/src/install/sonar_slam_description/lib/pkgconfig/sonar_slam_description.pc'
[2.751s] Level 1:colcon.colcon_core.environment:checking '/home/pulak/ros2_workspace/src/install/sonar_slam_description/lib/python3.10/site-packages'
[2.752s] Level 1:colcon.colcon_core.environment:checking '/home/pulak/ros2_workspace/src/install/sonar_slam_description/bin'
[2.767s] INFO:colcon.colcon_core.shell:Creating package script '/home/pulak/ros2_workspace/src/install/sonar_slam_description/share/sonar_slam_description/package.ps1'
[2.768s] INFO:colcon.colcon_core.shell:Creating package descriptor '/home/pulak/ros2_workspace/src/install/sonar_slam_description/share/sonar_slam_description/package.dsv'
[2.769s] INFO:colcon.colcon_core.shell:Creating package script '/home/pulak/ros2_workspace/src/install/sonar_slam_description/share/sonar_slam_description/package.sh'
[2.769s] INFO:colcon.colcon_core.shell:Creating package script '/home/pulak/ros2_workspace/src/install/sonar_slam_description/share/sonar_slam_description/package.bash'
[2.770s] INFO:colcon.colcon_core.shell:Creating package script '/home/pulak/ros2_workspace/src/install/sonar_slam_description/share/sonar_slam_description/package.zsh'
[2.771s] Level 1:colcon.colcon_core.environment:create_file_with_runtime_dependencies(/home/pulak/ros2_workspace/src/install/sonar_slam_description/share/colcon-core/packages/sonar_slam_description)
[2.825s] Level 1:colcon.colcon_core.environment:create_environment_scripts_only(sonar_slam_description)
[2.841s] Level 1:colcon.colcon_core.environment:checking '/home/pulak/ros2_workspace/src/install/sonar_slam_description' for CMake module files
[2.841s] Level 1:colcon.colcon_core.environment:checking '/home/pulak/ros2_workspace/src/install/sonar_slam_description' for CMake config files
[2.841s] Level 1:colcon.colcon_core.shell:create_environment_hook('sonar_slam_description', 'cmake_prefix_path')
[2.857s] INFO:colcon.colcon_core.shell:Creating environment hook '/home/pulak/ros2_workspace/src/install/sonar_slam_description/share/sonar_slam_description/hook/cmake_prefix_path.ps1'
[2.857s] INFO:colcon.colcon_core.shell:Creating environment descriptor '/home/pulak/ros2_workspace/src/install/sonar_slam_description/share/sonar_slam_description/hook/cmake_prefix_path.dsv'
[2.857s] INFO:colcon.colcon_core.shell:Creating environment hook '/home/pulak/ros2_workspace/src/install/sonar_slam_description/share/sonar_slam_description/hook/cmake_prefix_path.sh'
[2.858s] Level 1:colcon.colcon_core.environment:checking '/home/pulak/ros2_workspace/src/install/sonar_slam_description/bin'
[2.858s] Level 1:colcon.colcon_core.environment:checking '/home/pulak/ros2_workspace/src/install/sonar_slam_description/lib/pkgconfig/sonar_slam_description.pc'
[2.858s] Level 1:colcon.colcon_core.environment:checking '/home/pulak/ros2_workspace/src/install/sonar_slam_description/lib/python3.10/site-packages'
[2.858s] Level 1:colcon.colcon_core.environment:checking '/home/pulak/ros2_workspace/src/install/sonar_slam_description/bin'
[2.874s] INFO:colcon.colcon_core.shell:Creating package script '/home/pulak/ros2_workspace/src/install/sonar_slam_description/share/sonar_slam_description/package.ps1'
[2.874s] INFO:colcon.colcon_core.shell:Creating package descriptor '/home/pulak/ros2_workspace/src/install/sonar_slam_description/share/sonar_slam_description/package.dsv'
[2.875s] INFO:colcon.colcon_core.shell:Creating package script '/home/pulak/ros2_workspace/src/install/sonar_slam_description/share/sonar_slam_description/package.sh'
[2.876s] INFO:colcon.colcon_core.shell:Creating package script '/home/pulak/ros2_workspace/src/install/sonar_slam_description/share/sonar_slam_description/package.bash'
[2.877s] INFO:colcon.colcon_core.shell:Creating package script '/home/pulak/ros2_workspace/src/install/sonar_slam_description/share/sonar_slam_description/package.zsh'
[2.877s] Level 1:colcon.colcon_core.environment:create_file_with_runtime_dependencies(/home/pulak/ros2_workspace/src/install/sonar_slam_description/share/colcon-core/packages/sonar_slam_description)
[2.878s] INFO:colcon.colcon_ros.task.ament_cmake.build:Building ROS package in '/home/pulak/ros2_workspace/src/sonar_slam_bringup' with build type 'ament_cmake'
[2.878s] INFO:colcon.colcon_cmake.task.cmake.build:Building CMake package in '/home/pulak/ros2_workspace/src/sonar_slam_bringup'
[2.897s] INFO:colcon.colcon_core.shell:Skip shell extension 'powershell' for command environment: Not usable outside of PowerShell
[2.898s] DEBUG:colcon.colcon_core.shell:Skip shell extension 'dsv' for command environment
[2.957s] DEBUG:colcon.colcon_core.event_handler.log_command:Invoking command in '/home/pulak/ros2_workspace/src/build/sonar_slam_bringup': AMENT_PREFIX_PATH=/home/pulak/ros2_workspace/src/install/sonar_slam_description:${AMENT_PREFIX_PATH} CMAKE_PREFIX_PATH=/home/pulak/ros2_workspace/src/install/sonar_slam_description:/home/pulak/ros2_workspace/install/sonar_slam_bringup:/home/pulak/ros2_workspace/install/sonar_slam_description:/opt/ros/humble /usr/bin/cmake /home/pulak/ros2_workspace/src/sonar_slam_bringup -DCMAKE_INSTALL_PREFIX=/home/pulak/ros2_workspace/src/install/sonar_slam_bringup
[3.963s] DEBUG:colcon.colcon_core.event_handler.log_command:Invoked command in '/home/pulak/ros2_workspace/src/build/sonar_slam_bringup' returned '0': AMENT_PREFIX_PATH=/home/pulak/ros2_workspace/src/install/sonar_slam_description:${AMENT_PREFIX_PATH} CMAKE_PREFIX_PATH=/home/pulak/ros2_workspace/src/install/sonar_slam_description:/home/pulak/ros2_workspace/install/sonar_slam_bringup:/home/pulak/ros2_workspace/install/sonar_slam_description:/opt/ros/humble /usr/bin/cmake /home/pulak/ros2_workspace/src/sonar_slam_bringup -DCMAKE_INSTALL_PREFIX=/home/pulak/ros2_workspace/src/install/sonar_slam_bringup
[3.966s] DEBUG:colcon.colcon_core.event_handler.log_command:Invoking command in '/home/pulak/ros2_workspace/src/build/sonar_slam_bringup': AMENT_PREFIX_PATH=/home/pulak/ros2_workspace/src/install/sonar_slam_description:${AMENT_PREFIX_PATH} CMAKE_PREFIX_PATH=/home/pulak/ros2_workspace/src/install/sonar_slam_description:/home/pulak/ros2_workspace/install/sonar_slam_bringup:/home/pulak/ros2_workspace/install/sonar_slam_description:/opt/ros/humble /usr/bin/cmake --build /home/pulak/ros2_workspace/src/build/sonar_slam_bringup -- -j8 -l8
[4.053s] DEBUG:colcon.colcon_core.event_handler.log_command:Invoked command in '/home/pulak/ros2_workspace/src/build/sonar_slam_bringup' returned '0': AMENT_PREFIX_PATH=/home/pulak/ros2_workspace/src/install/sonar_slam_description:${AMENT_PREFIX_PATH} CMAKE_PREFIX_PATH=/home/pulak/ros2_workspace/src/install/sonar_slam_description:/home/pulak/ros2_workspace/install/sonar_slam_bringup:/home/pulak/ros2_workspace/install/sonar_slam_description:/opt/ros/humble /usr/bin/cmake --build /home/pulak/ros2_workspace/src/build/sonar_slam_bringup -- -j8 -l8
[4.105s] DEBUG:colcon.colcon_core.event_handler.log_command:Invoking command in '/home/pulak/ros2_workspace/src/build/sonar_slam_bringup': AMENT_PREFIX_PATH=/home/pulak/ros2_workspace/src/install/sonar_slam_description:${AMENT_PREFIX_PATH} CMAKE_PREFIX_PATH=/home/pulak/ros2_workspace/src/install/sonar_slam_description:/home/pulak/ros2_workspace/install/sonar_slam_bringup:/home/pulak/ros2_workspace/install/sonar_slam_description:/opt/ros/humble /usr/bin/cmake --install /home/pulak/ros2_workspace/src/build/sonar_slam_bringup
[4.125s] Level 1:colcon.colcon_core.environment:create_environment_scripts_only(sonar_slam_bringup)
[4.126s] DEBUG:colcon.colcon_core.event_handler.log_command:Invoked command in '/home/pulak/ros2_workspace/src/build/sonar_slam_bringup' returned '0': AMENT_PREFIX_PATH=/home/pulak/ros2_workspace/src/install/sonar_slam_description:${AMENT_PREFIX_PATH} CMAKE_PREFIX_PATH=/home/pulak/ros2_workspace/src/install/sonar_slam_description:/home/pulak/ros2_workspace/install/sonar_slam_bringup:/home/pulak/ros2_workspace/install/sonar_slam_description:/opt/ros/humble /usr/bin/cmake --install /home/pulak/ros2_workspace/src/build/sonar_slam_bringup
[4.174s] Level 1:colcon.colcon_core.environment:checking '/home/pulak/ros2_workspace/src/install/sonar_slam_bringup' for CMake module files
[4.175s] Level 1:colcon.colcon_core.environment:checking '/home/pulak/ros2_workspace/src/install/sonar_slam_bringup' for CMake config files
[4.176s] Level 1:colcon.colcon_core.shell:create_environment_hook('sonar_slam_bringup', 'cmake_prefix_path')
[4.213s] INFO:colcon.colcon_core.shell:Creating environment hook '/home/pulak/ros2_workspace/src/install/sonar_slam_bringup/share/sonar_slam_bringup/hook/cmake_prefix_path.ps1'
[4.213s] INFO:colcon.colcon_core.shell:Creating environment descriptor '/home/pulak/ros2_workspace/src/install/sonar_slam_bringup/share/sonar_slam_bringup/hook/cmake_prefix_path.dsv'
[4.214s] INFO:colcon.colcon_core.shell:Creating environment hook '/home/pulak/ros2_workspace/src/install/sonar_slam_bringup/share/sonar_slam_bringup/hook/cmake_prefix_path.sh'
[4.214s] Level 1:colcon.colcon_core.environment:checking '/home/pulak/ros2_workspace/src/install/sonar_slam_bringup/bin'
[4.214s] Level 1:colcon.colcon_core.environment:checking '/home/pulak/ros2_workspace/src/install/sonar_slam_bringup/lib/pkgconfig/sonar_slam_bringup.pc'
[4.214s] Level 1:colcon.colcon_core.environment:checking '/home/pulak/ros2_workspace/src/install/sonar_slam_bringup/lib/python3.10/site-packages'
[4.214s] Level 1:colcon.colcon_core.environment:checking '/home/pulak/ros2_workspace/src/install/sonar_slam_bringup/bin'
[4.230s] INFO:colcon.colcon_core.shell:Creating package script '/home/pulak/ros2_workspace/src/install/sonar_slam_bringup/share/sonar_slam_bringup/package.ps1'
[4.230s] INFO:colcon.colcon_core.shell:Creating package descriptor '/home/pulak/ros2_workspace/src/install/sonar_slam_bringup/share/sonar_slam_bringup/package.dsv'
[4.231s] INFO:colcon.colcon_core.shell:Creating package script '/home/pulak/ros2_workspace/src/install/sonar_slam_bringup/share/sonar_slam_bringup/package.sh'
[4.231s] INFO:colcon.colcon_core.shell:Creating package script '/home/pulak/ros2_workspace/src/install/sonar_slam_bringup/share/sonar_slam_bringup/package.bash'
[4.231s] INFO:colcon.colcon_core.shell:Creating package script '/home/pulak/ros2_workspace/src/install/sonar_slam_bringup/share/sonar_slam_bringup/package.zsh'
[4.232s] Level 1:colcon.colcon_core.environment:create_file_with_runtime_dependencies(/home/pulak/ros2_workspace/src/install/sonar_slam_bringup/share/colcon-core/packages/sonar_slam_bringup)
[4.317s] Level 1:colcon.colcon_core.environment:create_environment_scripts_only(sonar_slam_bringup)
[4.341s] Level 1:colcon.colcon_core.environment:checking '/home/pulak/ros2_workspace/src/install/sonar_slam_bringup' for CMake module files
[4.342s] Level 1:colcon.colcon_core.environment:checking '/home/pulak/ros2_workspace/src/install/sonar_slam_bringup' for CMake config files
[4.342s] Level 1:colcon.colcon_core.shell:create_environment_hook('sonar_slam_bringup', 'cmake_prefix_path')
[4.372s] INFO:colcon.colcon_core.shell:Creating environment hook '/home/pulak/ros2_workspace/src/install/sonar_slam_bringup/share/sonar_slam_bringup/hook/cmake_prefix_path.ps1'
[4.372s] INFO:colcon.colcon_core.shell:Creating environment descriptor '/home/pulak/ros2_workspace/src/install/sonar_slam_bringup/share/sonar_slam_bringup/hook/cmake_prefix_path.dsv'
[4.373s] INFO:colcon.colcon_core.shell:Creating environment hook '/home/pulak/ros2_workspace/src/install/sonar_slam_bringup/share/sonar_slam_bringup/hook/cmake_prefix_path.sh'
[4.373s] Level 1:colcon.colcon_core.environment:checking '/home/pulak/ros2_workspace/src/install/sonar_slam_bringup/bin'
[4.373s] Level 1:colcon.colcon_core.environment:checking '/home/pulak/ros2_workspace/src/install/sonar_slam_bringup/lib/pkgconfig/sonar_slam_bringup.pc'
[4.373s] Level 1:colcon.colcon_core.environment:checking '/home/pulak/ros2_workspace/src/install/sonar_slam_bringup/lib/python3.10/site-packages'
[4.374s] Level 1:colcon.colcon_core.environment:checking '/home/pulak/ros2_workspace/src/install/sonar_slam_bringup/bin'
[4.389s] INFO:colcon.colcon_core.shell:Creating package script '/home/pulak/ros2_workspace/src/install/sonar_slam_bringup/share/sonar_slam_bringup/package.ps1'
[4.390s] INFO:colcon.colcon_core.shell:Creating package descriptor '/home/pulak/ros2_workspace/src/install/sonar_slam_bringup/share/sonar_slam_bringup/package.dsv'
[4.390s] INFO:colcon.colcon_core.shell:Creating package script '/home/pulak/ros2_workspace/src/install/sonar_slam_bringup/share/sonar_slam_bringup/package.sh'
[4.391s] INFO:colcon.colcon_core.shell:Creating package script '/home/pulak/ros2_workspace/src/install/sonar_slam_bringup/share/sonar_slam_bringup/package.bash'
[4.391s] INFO:colcon.colcon_core.shell:Creating package script '/home/pulak/ros2_workspace/src/install/sonar_slam_bringup/share/sonar_slam_bringup/package.zsh'
[4.392s] Level 1:colcon.colcon_core.environment:create_file_with_runtime_dependencies(/home/pulak/ros2_workspace/src/install/sonar_slam_bringup/share/colcon-core/packages/sonar_slam_bringup)
[4.392s] DEBUG:colcon.colcon_parallel_executor.executor.parallel:closing loop
[4.393s] DEBUG:colcon.colcon_parallel_executor.executor.parallel:loop closed
[4.393s] DEBUG:colcon.colcon_parallel_executor.executor.parallel:run_until_complete finished with '0'
[4.393s] DEBUG:colcon.colcon_core.event_reactor:joining thread
[4.448s] INFO:colcon.colcon_core.plugin_system:Skipping extension 'colcon_notification.desktop_notification.terminal_notifier': Not used on non-Darwin systems
[4.448s] INFO:colcon.colcon_core.plugin_system:Skipping extension 'colcon_notification.desktop_notification.win32': Not used on non-Windows systems
[4.448s] INFO:colcon.colcon_notification.desktop_notification:Sending desktop notification using 'notify2'
[4.472s] DEBUG:colcon.colcon_core.event_reactor:joined thread
[4.490s] INFO:colcon.colcon_core.shell:Creating prefix script '/home/pulak/ros2_workspace/src/install/local_setup.ps1'
[4.491s] INFO:colcon.colcon_core.shell:Creating prefix util module '/home/pulak/ros2_workspace/src/install/_local_setup_util_ps1.py'
[4.492s] INFO:colcon.colcon_core.shell:Creating prefix chain script '/home/pulak/ros2_workspace/src/install/setup.ps1'
[4.509s] INFO:colcon.colcon_core.shell:Creating prefix script '/home/pulak/ros2_workspace/src/install/local_setup.sh'
[4.510s] INFO:colcon.colcon_core.shell:Creating prefix util module '/home/pulak/ros2_workspace/src/install/_local_setup_util_sh.py'
[4.510s] INFO:colcon.colcon_core.shell:Creating prefix chain script '/home/pulak/ros2_workspace/src/install/setup.sh'
[4.527s] INFO:colcon.colcon_core.shell:Creating prefix script '/home/pulak/ros2_workspace/src/install/local_setup.bash'
[4.527s] INFO:colcon.colcon_core.shell:Creating prefix chain script '/home/pulak/ros2_workspace/src/install/setup.bash'
[4.544s] INFO:colcon.colcon_core.shell:Creating prefix script '/home/pulak/ros2_workspace/src/install/local_setup.zsh'
[4.545s] INFO:colcon.colcon_core.shell:Creating prefix chain script '/home/pulak/ros2_workspace/src/install/setup.zsh'
