[0.878s] Invoking command in '/home/pulak/ros2_workspace/src/my_first_robot': PYTHONPATH=/home/pulak/ros2_workspace/build/my_first_robot/prefix_override:/home/pulak/ros2_workspace/install/my_first_robot/lib/python3.10/site-packages:${PYTHONPATH} /usr/bin/python3 setup.py egg_info --egg-base ../../build/my_first_robot build --build-base /home/pulak/ros2_workspace/build/my_first_robot/build install --record /home/pulak/ros2_workspace/build/my_first_robot/install.log --single-version-externally-managed
[1.130s] running egg_info
[1.131s] writing ../../build/my_first_robot/my_first_robot.egg-info/PKG-INFO
[1.131s] writing dependency_links to ../../build/my_first_robot/my_first_robot.egg-info/dependency_links.txt
[1.131s] writing entry points to ../../build/my_first_robot/my_first_robot.egg-info/entry_points.txt
[1.131s] writing requirements to ../../build/my_first_robot/my_first_robot.egg-info/requires.txt
[1.131s] writing top-level names to ../../build/my_first_robot/my_first_robot.egg-info/top_level.txt
[1.134s] reading manifest file '../../build/my_first_robot/my_first_robot.egg-info/SOURCES.txt'
[1.135s] writing manifest file '../../build/my_first_robot/my_first_robot.egg-info/SOURCES.txt'
[1.135s] running build
[1.136s] running build_py
[1.136s] running install
[1.136s] /usr/lib/python3/dist-packages/setuptools/command/install.py:34: SetuptoolsDeprecationWarning: setup.py install is deprecated. Use build and pip and other standards-based tools.
[1.136s]   warnings.warn(
[1.136s] running install_lib
[1.137s] running install_data
[1.138s] running install_egg_info
[1.140s] removing '/home/pulak/ros2_workspace/install/my_first_robot/lib/python3.10/site-packages/my_first_robot-0.0.0-py3.10.egg-info' (and everything under it)
[1.140s] Copying ../../build/my_first_robot/my_first_robot.egg-info to /home/pulak/ros2_workspace/install/my_first_robot/lib/python3.10/site-packages/my_first_robot-0.0.0-py3.10.egg-info
[1.141s] running install_scripts
[1.164s] writing list of installed files to '/home/pulak/ros2_workspace/build/my_first_robot/install.log'
[1.199s] Invoked command in '/home/pulak/ros2_workspace/src/my_first_robot' returned '0': PYTHONPATH=/home/pulak/ros2_workspace/build/my_first_robot/prefix_override:/home/pulak/ros2_workspace/install/my_first_robot/lib/python3.10/site-packages:${PYTHONPATH} /usr/bin/python3 setup.py egg_info --egg-base ../../build/my_first_robot build --build-base /home/pulak/ros2_workspace/build/my_first_robot/build install --record /home/pulak/ros2_workspace/build/my_first_robot/install.log --single-version-externally-managed
