[0.077s] Invoking command in '/home/pulak/ros2_workspace/src/build/sonar_slam_bringup': AMENT_PREFIX_PATH=/home/pulak/ros2_workspace/src/install/sonar_slam_description:${AMENT_PREFIX_PATH} CMAKE_PREFIX_PATH=/home/pulak/ros2_workspace/src/install/sonar_slam_description:/home/pulak/ros2_workspace/install/sonar_slam_bringup:/home/pulak/ros2_workspace/install/sonar_slam_description:/opt/ros/humble /usr/bin/cmake /home/pulak/ros2_workspace/src/sonar_slam_bringup -DCMAKE_INSTALL_PREFIX=/home/pulak/ros2_workspace/src/install/sonar_slam_bringup
[0.180s] -- The C compiler identification is GNU 11.4.0
[0.275s] -- The CXX compiler identification is GNU 11.4.0
[0.298s] -- Detecting C compiler ABI info
[0.443s] -- Detecting C compiler ABI info - done
[0.471s] -- Check for working C compiler: /usr/bin/cc - skipped
[0.472s] -- Detecting C compile features
[0.473s] -- Detecting C compile features - done
[0.483s] -- Detecting CXX compiler ABI info
[0.607s] -- Detecting CXX compiler ABI info - done
[0.615s] -- Check for working CXX compiler: /usr/bin/c++ - skipped
[0.616s] -- Detecting CXX compile features
[0.616s] -- Detecting CXX compile features - done
[0.620s] -- Found ament_cmake: 1.3.5 (/opt/ros/humble/share/ament_cmake/cmake)
[0.819s] -- Found Python3: /usr/bin/python3.10 (found version "3.10.12") found components: Interpreter 
[1.058s] -- Configuring done
[1.068s] -- Generating done
[1.071s] -- Build files have been written to: /home/pulak/ros2_workspace/src/build/sonar_slam_bringup
[1.083s] Invoked command in '/home/pulak/ros2_workspace/src/build/sonar_slam_bringup' returned '0': AMENT_PREFIX_PATH=/home/pulak/ros2_workspace/src/install/sonar_slam_description:${AMENT_PREFIX_PATH} CMAKE_PREFIX_PATH=/home/pulak/ros2_workspace/src/install/sonar_slam_description:/home/pulak/ros2_workspace/install/sonar_slam_bringup:/home/pulak/ros2_workspace/install/sonar_slam_description:/opt/ros/humble /usr/bin/cmake /home/pulak/ros2_workspace/src/sonar_slam_bringup -DCMAKE_INSTALL_PREFIX=/home/pulak/ros2_workspace/src/install/sonar_slam_bringup
[1.085s] Invoking command in '/home/pulak/ros2_workspace/src/build/sonar_slam_bringup': AMENT_PREFIX_PATH=/home/pulak/ros2_workspace/src/install/sonar_slam_description:${AMENT_PREFIX_PATH} CMAKE_PREFIX_PATH=/home/pulak/ros2_workspace/src/install/sonar_slam_description:/home/pulak/ros2_workspace/install/sonar_slam_bringup:/home/pulak/ros2_workspace/install/sonar_slam_description:/opt/ros/humble /usr/bin/cmake --build /home/pulak/ros2_workspace/src/build/sonar_slam_bringup -- -j8 -l8
[1.173s] Invoked command in '/home/pulak/ros2_workspace/src/build/sonar_slam_bringup' returned '0': AMENT_PREFIX_PATH=/home/pulak/ros2_workspace/src/install/sonar_slam_description:${AMENT_PREFIX_PATH} CMAKE_PREFIX_PATH=/home/pulak/ros2_workspace/src/install/sonar_slam_description:/home/pulak/ros2_workspace/install/sonar_slam_bringup:/home/pulak/ros2_workspace/install/sonar_slam_description:/opt/ros/humble /usr/bin/cmake --build /home/pulak/ros2_workspace/src/build/sonar_slam_bringup -- -j8 -l8
[1.225s] Invoking command in '/home/pulak/ros2_workspace/src/build/sonar_slam_bringup': AMENT_PREFIX_PATH=/home/pulak/ros2_workspace/src/install/sonar_slam_description:${AMENT_PREFIX_PATH} CMAKE_PREFIX_PATH=/home/pulak/ros2_workspace/src/install/sonar_slam_description:/home/pulak/ros2_workspace/install/sonar_slam_bringup:/home/pulak/ros2_workspace/install/sonar_slam_description:/opt/ros/humble /usr/bin/cmake --install /home/pulak/ros2_workspace/src/build/sonar_slam_bringup
[1.237s] -- Install configuration: ""
[1.237s] -- Installing: /home/pulak/ros2_workspace/src/install/sonar_slam_bringup/share/sonar_slam_bringup//launch
[1.237s] -- Installing: /home/pulak/ros2_workspace/src/install/sonar_slam_bringup/share/sonar_slam_bringup//launch/sonar_slam_gazebo.launch.xml
[1.237s] -- Installing: /home/pulak/ros2_workspace/src/install/sonar_slam_bringup/share/sonar_slam_bringup//rviz
[1.237s] -- Installing: /home/pulak/ros2_workspace/src/install/sonar_slam_bringup/share/sonar_slam_bringup//rviz/sonar_slam_config.rviz
[1.238s] -- Installing: /home/pulak/ros2_workspace/src/install/sonar_slam_bringup/share/sonar_slam_bringup//worlds
[1.238s] -- Installing: /home/pulak/ros2_workspace/src/install/sonar_slam_bringup/share/sonar_slam_bringup//worlds/second_world.world
[1.238s] -- Installing: /home/pulak/ros2_workspace/src/install/sonar_slam_bringup/share/sonar_slam_bringup//worlds/first_world.world
[1.238s] -- Installing: /home/pulak/ros2_workspace/src/install/sonar_slam_bringup/share/ament_index/resource_index/package_run_dependencies/sonar_slam_bringup
[1.239s] -- Installing: /home/pulak/ros2_workspace/src/install/sonar_slam_bringup/share/ament_index/resource_index/parent_prefix_path/sonar_slam_bringup
[1.239s] -- Installing: /home/pulak/ros2_workspace/src/install/sonar_slam_bringup/share/sonar_slam_bringup/environment/ament_prefix_path.sh
[1.239s] -- Installing: /home/pulak/ros2_workspace/src/install/sonar_slam_bringup/share/sonar_slam_bringup/environment/ament_prefix_path.dsv
[1.240s] -- Installing: /home/pulak/ros2_workspace/src/install/sonar_slam_bringup/share/sonar_slam_bringup/environment/path.sh
[1.240s] -- Installing: /home/pulak/ros2_workspace/src/install/sonar_slam_bringup/share/sonar_slam_bringup/environment/path.dsv
[1.240s] -- Installing: /home/pulak/ros2_workspace/src/install/sonar_slam_bringup/share/sonar_slam_bringup/local_setup.bash
[1.240s] -- Installing: /home/pulak/ros2_workspace/src/install/sonar_slam_bringup/share/sonar_slam_bringup/local_setup.sh
[1.240s] -- Installing: /home/pulak/ros2_workspace/src/install/sonar_slam_bringup/share/sonar_slam_bringup/local_setup.zsh
[1.241s] -- Installing: /home/pulak/ros2_workspace/src/install/sonar_slam_bringup/share/sonar_slam_bringup/local_setup.dsv
[1.241s] -- Installing: /home/pulak/ros2_workspace/src/install/sonar_slam_bringup/share/sonar_slam_bringup/package.dsv
[1.241s] -- Installing: /home/pulak/ros2_workspace/src/install/sonar_slam_bringup/share/ament_index/resource_index/packages/sonar_slam_bringup
[1.241s] -- Installing: /home/pulak/ros2_workspace/src/install/sonar_slam_bringup/share/sonar_slam_bringup/cmake/sonar_slam_bringupConfig.cmake
[1.242s] -- Installing: /home/pulak/ros2_workspace/src/install/sonar_slam_bringup/share/sonar_slam_bringup/cmake/sonar_slam_bringupConfig-version.cmake
[1.242s] -- Installing: /home/pulak/ros2_workspace/src/install/sonar_slam_bringup/share/sonar_slam_bringup/package.xml
[1.245s] Invoked command in '/home/pulak/ros2_workspace/src/build/sonar_slam_bringup' returned '0': AMENT_PREFIX_PATH=/home/pulak/ros2_workspace/src/install/sonar_slam_description:${AMENT_PREFIX_PATH} CMAKE_PREFIX_PATH=/home/pulak/ros2_workspace/src/install/sonar_slam_description:/home/pulak/ros2_workspace/install/sonar_slam_bringup:/home/pulak/ros2_workspace/install/sonar_slam_description:/opt/ros/humble /usr/bin/cmake --install /home/pulak/ros2_workspace/src/build/sonar_slam_bringup
