[1.106s] DEBUG:colcon:Command line arguments: ['/usr/bin/colcon', 'build', '--symlink-install']
[1.106s] DEBUG:colcon:Parsed command line arguments: Namespace(log_base=None, log_level=None, verb_name='build', build_base='build', install_base='install', merge_install=False, symlink_install=True, test_result_base=None, continue_on_error=False, executor='parallel', parallel_workers=8, event_handlers=None, ignore_user_meta=False, metas=['./colcon.meta'], base_paths=['.'], packages_ignore=None, packages_ignore_regex=None, paths=None, packages_up_to=None, packages_up_to_regex=None, packages_above=None, packages_above_and_dependencies=None, packages_above_depth=None, packages_select_by_dep=None, packages_skip_by_dep=None, packages_skip_up_to=None, packages_select_build_failed=False, packages_skip_build_finished=False, packages_select_test_failures=False, packages_skip_test_passed=False, packages_select=None, packages_skip=None, packages_select_regex=None, packages_skip_regex=None, packages_start=None, packages_end=None, allow_overriding=[], cmake_args=None, cmake_target=None, cmake_target_skip_unavailable=False, cmake_clean_cache=False, cmake_clean_first=False, cmake_force_configure=False, ament_cmake_args=None, catkin_cmake_args=None, catkin_skip_building_tests=False, verb_parser=<colcon_defaults.argument_parser.defaults.DefaultArgumentsDecorator object at 0x7f8e7e37a8f0>, verb_extension=<colcon_core.verb.build.BuildVerb object at 0x7f8e7e37b340>, main=<bound method BuildVerb.main of <colcon_core.verb.build.BuildVerb object at 0x7f8e7e37b340>>)
[1.156s] Level 1:colcon.colcon_core.package_discovery:discover_packages(colcon_meta) check parameters
[1.156s] Level 1:colcon.colcon_core.package_discovery:discover_packages(recursive) check parameters
[1.156s] Level 1:colcon.colcon_core.package_discovery:discover_packages(ignore) check parameters
[1.156s] Level 1:colcon.colcon_core.package_discovery:discover_packages(path) check parameters
[1.156s] Level 1:colcon.colcon_core.package_discovery:discover_packages(colcon_meta) discover
[1.156s] Level 1:colcon.colcon_core.package_discovery:discover_packages(recursive) discover
[1.156s] INFO:colcon.colcon_core.package_discovery:Crawling recursively for packages in '/home/pulak/ros2_workspace'
[1.156s] Level 1:colcon.colcon_core.package_identification:_identify(.) by extensions ['ignore', 'ignore_ament_install']
[1.156s] Level 1:colcon.colcon_core.package_identification:_identify(.) by extension 'ignore'
[1.156s] Level 1:colcon.colcon_core.package_identification:_identify(.) by extension 'ignore_ament_install'
[1.157s] Level 1:colcon.colcon_core.package_identification:_identify(.) by extensions ['colcon_pkg']
[1.157s] Level 1:colcon.colcon_core.package_identification:_identify(.) by extension 'colcon_pkg'
[1.157s] Level 1:colcon.colcon_core.package_identification:_identify(.) by extensions ['colcon_meta']
[1.157s] Level 1:colcon.colcon_core.package_identification:_identify(.) by extension 'colcon_meta'
[1.157s] Level 1:colcon.colcon_core.package_identification:_identify(.) by extensions ['ros']
[1.157s] Level 1:colcon.colcon_core.package_identification:_identify(.) by extension 'ros'
[1.169s] Level 1:colcon.colcon_core.package_identification:_identify(.) by extensions ['cmake', 'python']
[1.169s] Level 1:colcon.colcon_core.package_identification:_identify(.) by extension 'cmake'
[1.169s] Level 1:colcon.colcon_core.package_identification:_identify(.) by extension 'python'
[1.169s] Level 1:colcon.colcon_core.package_identification:_identify(.) by extensions ['python_setup_py']
[1.169s] Level 1:colcon.colcon_core.package_identification:_identify(.) by extension 'python_setup_py'
[1.169s] Level 1:colcon.colcon_core.package_identification:_identify(build) by extensions ['ignore', 'ignore_ament_install']
[1.170s] Level 1:colcon.colcon_core.package_identification:_identify(build) by extension 'ignore'
[1.170s] Level 1:colcon.colcon_core.package_identification:_identify(build) ignored
[1.170s] Level 1:colcon.colcon_core.package_identification:_identify(install) by extensions ['ignore', 'ignore_ament_install']
[1.170s] Level 1:colcon.colcon_core.package_identification:_identify(install) by extension 'ignore'
[1.170s] Level 1:colcon.colcon_core.package_identification:_identify(install) ignored
[1.170s] Level 1:colcon.colcon_core.package_identification:_identify(log) by extensions ['ignore', 'ignore_ament_install']
[1.170s] Level 1:colcon.colcon_core.package_identification:_identify(log) by extension 'ignore'
[1.170s] Level 1:colcon.colcon_core.package_identification:_identify(log) ignored
[1.170s] Level 1:colcon.colcon_core.package_identification:_identify(src) by extensions ['ignore', 'ignore_ament_install']
[1.170s] Level 1:colcon.colcon_core.package_identification:_identify(src) by extension 'ignore'
[1.170s] Level 1:colcon.colcon_core.package_identification:_identify(src) by extension 'ignore_ament_install'
[1.170s] Level 1:colcon.colcon_core.package_identification:_identify(src) by extensions ['colcon_pkg']
[1.170s] Level 1:colcon.colcon_core.package_identification:_identify(src) by extension 'colcon_pkg'
[1.171s] Level 1:colcon.colcon_core.package_identification:_identify(src) by extensions ['colcon_meta']
[1.171s] Level 1:colcon.colcon_core.package_identification:_identify(src) by extension 'colcon_meta'
[1.171s] Level 1:colcon.colcon_core.package_identification:_identify(src) by extensions ['ros']
[1.171s] Level 1:colcon.colcon_core.package_identification:_identify(src) by extension 'ros'
[1.171s] Level 1:colcon.colcon_core.package_identification:_identify(src) by extensions ['cmake', 'python']
[1.171s] Level 1:colcon.colcon_core.package_identification:_identify(src) by extension 'cmake'
[1.171s] Level 1:colcon.colcon_core.package_identification:_identify(src) by extension 'python'
[1.171s] Level 1:colcon.colcon_core.package_identification:_identify(src) by extensions ['python_setup_py']
[1.171s] Level 1:colcon.colcon_core.package_identification:_identify(src) by extension 'python_setup_py'
[1.171s] Level 1:colcon.colcon_core.package_identification:_identify(src/sonar_slam_bringup) by extensions ['ignore', 'ignore_ament_install']
[1.171s] Level 1:colcon.colcon_core.package_identification:_identify(src/sonar_slam_bringup) by extension 'ignore'
[1.171s] Level 1:colcon.colcon_core.package_identification:_identify(src/sonar_slam_bringup) by extension 'ignore_ament_install'
[1.171s] Level 1:colcon.colcon_core.package_identification:_identify(src/sonar_slam_bringup) by extensions ['colcon_pkg']
[1.171s] Level 1:colcon.colcon_core.package_identification:_identify(src/sonar_slam_bringup) by extension 'colcon_pkg'
[1.171s] Level 1:colcon.colcon_core.package_identification:_identify(src/sonar_slam_bringup) by extensions ['colcon_meta']
[1.171s] Level 1:colcon.colcon_core.package_identification:_identify(src/sonar_slam_bringup) by extension 'colcon_meta'
[1.171s] Level 1:colcon.colcon_core.package_identification:_identify(src/sonar_slam_bringup) by extensions ['ros']
[1.171s] Level 1:colcon.colcon_core.package_identification:_identify(src/sonar_slam_bringup) by extension 'ros'
[1.175s] DEBUG:colcon.colcon_core.package_identification:Package 'src/sonar_slam_bringup' with type 'ros.ament_cmake' and name 'sonar_slam_bringup'
[1.175s] Level 1:colcon.colcon_core.package_identification:_identify(src/sonar_slam_description) by extensions ['ignore', 'ignore_ament_install']
[1.175s] Level 1:colcon.colcon_core.package_identification:_identify(src/sonar_slam_description) by extension 'ignore'
[1.175s] Level 1:colcon.colcon_core.package_identification:_identify(src/sonar_slam_description) by extension 'ignore_ament_install'
[1.175s] Level 1:colcon.colcon_core.package_identification:_identify(src/sonar_slam_description) by extensions ['colcon_pkg']
[1.175s] Level 1:colcon.colcon_core.package_identification:_identify(src/sonar_slam_description) by extension 'colcon_pkg'
[1.175s] Level 1:colcon.colcon_core.package_identification:_identify(src/sonar_slam_description) by extensions ['colcon_meta']
[1.176s] Level 1:colcon.colcon_core.package_identification:_identify(src/sonar_slam_description) by extension 'colcon_meta'
[1.176s] Level 1:colcon.colcon_core.package_identification:_identify(src/sonar_slam_description) by extensions ['ros']
[1.176s] Level 1:colcon.colcon_core.package_identification:_identify(src/sonar_slam_description) by extension 'ros'
[1.176s] DEBUG:colcon.colcon_core.package_identification:Package 'src/sonar_slam_description' with type 'ros.ament_cmake' and name 'sonar_slam_description'
[1.176s] Level 1:colcon.colcon_core.package_discovery:discover_packages(recursive) using defaults
[1.176s] Level 1:colcon.colcon_core.package_discovery:discover_packages(ignore) discover
[1.176s] Level 1:colcon.colcon_core.package_discovery:discover_packages(ignore) using defaults
[1.176s] Level 1:colcon.colcon_core.package_discovery:discover_packages(path) discover
[1.176s] Level 1:colcon.colcon_core.package_discovery:discover_packages(path) using defaults
[1.272s] Level 1:colcon.colcon_core.package_discovery:discover_packages(prefix_path) check parameters
[1.272s] Level 1:colcon.colcon_core.package_discovery:discover_packages(prefix_path) discover
[1.305s] DEBUG:colcon.colcon_installed_package_information.package_discovery:Found 2 installed packages in /home/pulak/ros2_workspace/install
[1.323s] DEBUG:colcon.colcon_installed_package_information.package_discovery:Found 274 installed packages in /opt/ros/humble
[1.325s] Level 1:colcon.colcon_core.package_discovery:discover_packages(prefix_path) using defaults
[1.423s] Level 5:colcon.colcon_core.verb:set package 'sonar_slam_bringup' build argument 'cmake_args' from command line to 'None'
[1.423s] Level 5:colcon.colcon_core.verb:set package 'sonar_slam_bringup' build argument 'cmake_target' from command line to 'None'
[1.423s] Level 5:colcon.colcon_core.verb:set package 'sonar_slam_bringup' build argument 'cmake_target_skip_unavailable' from command line to 'False'
[1.423s] Level 5:colcon.colcon_core.verb:set package 'sonar_slam_bringup' build argument 'cmake_clean_cache' from command line to 'False'
[1.424s] Level 5:colcon.colcon_core.verb:set package 'sonar_slam_bringup' build argument 'cmake_clean_first' from command line to 'False'
[1.424s] Level 5:colcon.colcon_core.verb:set package 'sonar_slam_bringup' build argument 'cmake_force_configure' from command line to 'False'
[1.424s] Level 5:colcon.colcon_core.verb:set package 'sonar_slam_bringup' build argument 'ament_cmake_args' from command line to 'None'
[1.424s] Level 5:colcon.colcon_core.verb:set package 'sonar_slam_bringup' build argument 'catkin_cmake_args' from command line to 'None'
[1.424s] Level 5:colcon.colcon_core.verb:set package 'sonar_slam_bringup' build argument 'catkin_skip_building_tests' from command line to 'False'
[1.424s] DEBUG:colcon.colcon_core.verb:Building package 'sonar_slam_bringup' with the following arguments: {'ament_cmake_args': None, 'build_base': '/home/pulak/ros2_workspace/build/sonar_slam_bringup', 'catkin_cmake_args': None, 'catkin_skip_building_tests': False, 'cmake_args': None, 'cmake_clean_cache': False, 'cmake_clean_first': False, 'cmake_force_configure': False, 'cmake_target': None, 'cmake_target_skip_unavailable': False, 'install_base': '/home/pulak/ros2_workspace/install/sonar_slam_bringup', 'merge_install': False, 'path': '/home/pulak/ros2_workspace/src/sonar_slam_bringup', 'symlink_install': True, 'test_result_base': None}
[1.440s] Level 5:colcon.colcon_core.verb:set package 'sonar_slam_description' build argument 'cmake_args' from command line to 'None'
[1.440s] Level 5:colcon.colcon_core.verb:set package 'sonar_slam_description' build argument 'cmake_target' from command line to 'None'
[1.440s] Level 5:colcon.colcon_core.verb:set package 'sonar_slam_description' build argument 'cmake_target_skip_unavailable' from command line to 'False'
[1.440s] Level 5:colcon.colcon_core.verb:set package 'sonar_slam_description' build argument 'cmake_clean_cache' from command line to 'False'
[1.440s] Level 5:colcon.colcon_core.verb:set package 'sonar_slam_description' build argument 'cmake_clean_first' from command line to 'False'
[1.440s] Level 5:colcon.colcon_core.verb:set package 'sonar_slam_description' build argument 'cmake_force_configure' from command line to 'False'
[1.440s] Level 5:colcon.colcon_core.verb:set package 'sonar_slam_description' build argument 'ament_cmake_args' from command line to 'None'
[1.440s] Level 5:colcon.colcon_core.verb:set package 'sonar_slam_description' build argument 'catkin_cmake_args' from command line to 'None'
[1.440s] Level 5:colcon.colcon_core.verb:set package 'sonar_slam_description' build argument 'catkin_skip_building_tests' from command line to 'False'
[1.440s] DEBUG:colcon.colcon_core.verb:Building package 'sonar_slam_description' with the following arguments: {'ament_cmake_args': None, 'build_base': '/home/pulak/ros2_workspace/build/sonar_slam_description', 'catkin_cmake_args': None, 'catkin_skip_building_tests': False, 'cmake_args': None, 'cmake_clean_cache': False, 'cmake_clean_first': False, 'cmake_force_configure': False, 'cmake_target': None, 'cmake_target_skip_unavailable': False, 'install_base': '/home/pulak/ros2_workspace/install/sonar_slam_description', 'merge_install': False, 'path': '/home/pulak/ros2_workspace/src/sonar_slam_description', 'symlink_install': True, 'test_result_base': None}
[1.456s] INFO:colcon.colcon_core.executor:Executing jobs using 'parallel' executor
[1.473s] DEBUG:colcon.colcon_parallel_executor.executor.parallel:run_until_complete
[1.474s] INFO:colcon.colcon_ros.task.ament_cmake.build:Building ROS package in '/home/pulak/ros2_workspace/src/sonar_slam_bringup' with build type 'ament_cmake'
[1.474s] INFO:colcon.colcon_cmake.task.cmake.build:Building CMake package in '/home/pulak/ros2_workspace/src/sonar_slam_bringup'
[1.493s] INFO:colcon.colcon_core.plugin_system:Skipping extension 'colcon_core.shell.bat': Not used on non-Windows systems
[1.493s] INFO:colcon.colcon_core.shell:Skip shell extension 'powershell' for command environment: Not usable outside of PowerShell
[1.493s] DEBUG:colcon.colcon_core.shell:Skip shell extension 'dsv' for command environment
[1.547s] INFO:colcon.colcon_ros.task.ament_cmake.build:Building ROS package in '/home/pulak/ros2_workspace/src/sonar_slam_description' with build type 'ament_cmake'
[1.547s] INFO:colcon.colcon_cmake.task.cmake.build:Building CMake package in '/home/pulak/ros2_workspace/src/sonar_slam_description'
[1.564s] INFO:colcon.colcon_core.shell:Skip shell extension 'powershell' for command environment: Not usable outside of PowerShell
[1.564s] DEBUG:colcon.colcon_core.shell:Skip shell extension 'dsv' for command environment
[1.624s] DEBUG:colcon.colcon_core.event_handler.log_command:Invoking command in '/home/pulak/ros2_workspace/build/sonar_slam_bringup': CMAKE_PREFIX_PATH=${CMAKE_PREFIX_PATH}:/opt/ros/humble /usr/bin/cmake /home/pulak/ros2_workspace/src/sonar_slam_bringup -DAMENT_CMAKE_SYMLINK_INSTALL=1 -DCMAKE_INSTALL_PREFIX=/home/pulak/ros2_workspace/install/sonar_slam_bringup
[1.628s] DEBUG:colcon.colcon_core.event_handler.log_command:Invoking command in '/home/pulak/ros2_workspace/build/sonar_slam_description': CMAKE_PREFIX_PATH=${CMAKE_PREFIX_PATH}:/opt/ros/humble /usr/bin/cmake /home/pulak/ros2_workspace/src/sonar_slam_description -DAMENT_CMAKE_SYMLINK_INSTALL=1 -DCMAKE_INSTALL_PREFIX=/home/pulak/ros2_workspace/install/sonar_slam_description
[1.939s] DEBUG:colcon.colcon_core.event_handler.log_command:Invoked command in '/home/pulak/ros2_workspace/build/sonar_slam_bringup' returned '0': CMAKE_PREFIX_PATH=${CMAKE_PREFIX_PATH}:/opt/ros/humble /usr/bin/cmake /home/pulak/ros2_workspace/src/sonar_slam_bringup -DAMENT_CMAKE_SYMLINK_INSTALL=1 -DCMAKE_INSTALL_PREFIX=/home/pulak/ros2_workspace/install/sonar_slam_bringup
[1.943s] DEBUG:colcon.colcon_core.event_handler.log_command:Invoking command in '/home/pulak/ros2_workspace/build/sonar_slam_bringup': CMAKE_PREFIX_PATH=${CMAKE_PREFIX_PATH}:/opt/ros/humble /usr/bin/cmake --build /home/pulak/ros2_workspace/build/sonar_slam_bringup -- -j8 -l8
[1.955s] DEBUG:colcon.colcon_core.event_handler.log_command:Invoked command in '/home/pulak/ros2_workspace/build/sonar_slam_description' returned '0': CMAKE_PREFIX_PATH=${CMAKE_PREFIX_PATH}:/opt/ros/humble /usr/bin/cmake /home/pulak/ros2_workspace/src/sonar_slam_description -DAMENT_CMAKE_SYMLINK_INSTALL=1 -DCMAKE_INSTALL_PREFIX=/home/pulak/ros2_workspace/install/sonar_slam_description
[1.958s] DEBUG:colcon.colcon_core.event_handler.log_command:Invoking command in '/home/pulak/ros2_workspace/build/sonar_slam_description': CMAKE_PREFIX_PATH=${CMAKE_PREFIX_PATH}:/opt/ros/humble /usr/bin/cmake --build /home/pulak/ros2_workspace/build/sonar_slam_description -- -j8 -l8
[2.022s] DEBUG:colcon.colcon_core.event_handler.log_command:Invoked command in '/home/pulak/ros2_workspace/build/sonar_slam_bringup' returned '0': CMAKE_PREFIX_PATH=${CMAKE_PREFIX_PATH}:/opt/ros/humble /usr/bin/cmake --build /home/pulak/ros2_workspace/build/sonar_slam_bringup -- -j8 -l8
[2.036s] DEBUG:colcon.colcon_core.event_handler.log_command:Invoked command in '/home/pulak/ros2_workspace/build/sonar_slam_description' returned '0': CMAKE_PREFIX_PATH=${CMAKE_PREFIX_PATH}:/opt/ros/humble /usr/bin/cmake --build /home/pulak/ros2_workspace/build/sonar_slam_description -- -j8 -l8
[2.085s] DEBUG:colcon.colcon_core.event_handler.log_command:Invoking command in '/home/pulak/ros2_workspace/build/sonar_slam_bringup': CMAKE_PREFIX_PATH=${CMAKE_PREFIX_PATH}:/opt/ros/humble /usr/bin/cmake --install /home/pulak/ros2_workspace/build/sonar_slam_bringup
[2.087s] DEBUG:colcon.colcon_core.event_handler.log_command:Invoking command in '/home/pulak/ros2_workspace/build/sonar_slam_description': CMAKE_PREFIX_PATH=${CMAKE_PREFIX_PATH}:/opt/ros/humble /usr/bin/cmake --install /home/pulak/ros2_workspace/build/sonar_slam_description
[2.133s] Level 1:colcon.colcon_core.environment:create_environment_scripts_only(sonar_slam_bringup)
[2.134s] DEBUG:colcon.colcon_core.event_handler.log_command:Invoked command in '/home/pulak/ros2_workspace/build/sonar_slam_bringup' returned '0': CMAKE_PREFIX_PATH=${CMAKE_PREFIX_PATH}:/opt/ros/humble /usr/bin/cmake --install /home/pulak/ros2_workspace/build/sonar_slam_bringup
[2.153s] Level 1:colcon.colcon_core.environment:checking '/home/pulak/ros2_workspace/install/sonar_slam_bringup' for CMake module files
[2.153s] Level 1:colcon.colcon_core.environment:checking '/home/pulak/ros2_workspace/install/sonar_slam_bringup' for CMake config files
[2.154s] Level 1:colcon.colcon_core.shell:create_environment_hook('sonar_slam_bringup', 'cmake_prefix_path')
[2.170s] INFO:colcon.colcon_core.shell:Creating environment hook '/home/pulak/ros2_workspace/install/sonar_slam_bringup/share/sonar_slam_bringup/hook/cmake_prefix_path.ps1'
[2.171s] INFO:colcon.colcon_core.shell:Creating environment descriptor '/home/pulak/ros2_workspace/install/sonar_slam_bringup/share/sonar_slam_bringup/hook/cmake_prefix_path.dsv'
[2.171s] INFO:colcon.colcon_core.shell:Creating environment hook '/home/pulak/ros2_workspace/install/sonar_slam_bringup/share/sonar_slam_bringup/hook/cmake_prefix_path.sh'
[2.172s] Level 1:colcon.colcon_core.environment:checking '/home/pulak/ros2_workspace/install/sonar_slam_bringup/bin'
[2.172s] Level 1:colcon.colcon_core.environment:checking '/home/pulak/ros2_workspace/install/sonar_slam_bringup/lib/pkgconfig/sonar_slam_bringup.pc'
[2.173s] Level 1:colcon.colcon_core.environment:checking '/home/pulak/ros2_workspace/install/sonar_slam_bringup/lib/python3.10/site-packages'
[2.173s] Level 1:colcon.colcon_core.environment:checking '/home/pulak/ros2_workspace/install/sonar_slam_bringup/bin'
[2.190s] INFO:colcon.colcon_core.shell:Creating package script '/home/pulak/ros2_workspace/install/sonar_slam_bringup/share/sonar_slam_bringup/package.ps1'
[2.191s] INFO:colcon.colcon_core.shell:Creating package descriptor '/home/pulak/ros2_workspace/install/sonar_slam_bringup/share/sonar_slam_bringup/package.dsv'
[2.192s] INFO:colcon.colcon_core.shell:Creating package script '/home/pulak/ros2_workspace/install/sonar_slam_bringup/share/sonar_slam_bringup/package.sh'
[2.192s] INFO:colcon.colcon_core.shell:Creating package script '/home/pulak/ros2_workspace/install/sonar_slam_bringup/share/sonar_slam_bringup/package.bash'
[2.193s] INFO:colcon.colcon_core.shell:Creating package script '/home/pulak/ros2_workspace/install/sonar_slam_bringup/share/sonar_slam_bringup/package.zsh'
[2.194s] Level 1:colcon.colcon_core.environment:create_file_with_runtime_dependencies(/home/pulak/ros2_workspace/install/sonar_slam_bringup/share/colcon-core/packages/sonar_slam_bringup)
[2.195s] Level 1:colcon.colcon_core.environment:create_environment_scripts_only(sonar_slam_description)
[2.197s] DEBUG:colcon.colcon_core.event_handler.log_command:Invoked command in '/home/pulak/ros2_workspace/build/sonar_slam_description' returned '0': CMAKE_PREFIX_PATH=${CMAKE_PREFIX_PATH}:/opt/ros/humble /usr/bin/cmake --install /home/pulak/ros2_workspace/build/sonar_slam_description
[2.212s] Level 1:colcon.colcon_core.environment:checking '/home/pulak/ros2_workspace/install/sonar_slam_description' for CMake module files
[2.213s] Level 1:colcon.colcon_core.environment:checking '/home/pulak/ros2_workspace/install/sonar_slam_description' for CMake config files
[2.213s] Level 1:colcon.colcon_core.shell:create_environment_hook('sonar_slam_description', 'cmake_prefix_path')
[2.229s] INFO:colcon.colcon_core.shell:Creating environment hook '/home/pulak/ros2_workspace/install/sonar_slam_description/share/sonar_slam_description/hook/cmake_prefix_path.ps1'
[2.229s] INFO:colcon.colcon_core.shell:Creating environment descriptor '/home/pulak/ros2_workspace/install/sonar_slam_description/share/sonar_slam_description/hook/cmake_prefix_path.dsv'
[2.229s] INFO:colcon.colcon_core.shell:Creating environment hook '/home/pulak/ros2_workspace/install/sonar_slam_description/share/sonar_slam_description/hook/cmake_prefix_path.sh'
[2.230s] Level 1:colcon.colcon_core.environment:checking '/home/pulak/ros2_workspace/install/sonar_slam_description/bin'
[2.230s] Level 1:colcon.colcon_core.environment:checking '/home/pulak/ros2_workspace/install/sonar_slam_description/lib/pkgconfig/sonar_slam_description.pc'
[2.230s] Level 1:colcon.colcon_core.environment:checking '/home/pulak/ros2_workspace/install/sonar_slam_description/lib/python3.10/site-packages'
[2.230s] Level 1:colcon.colcon_core.environment:checking '/home/pulak/ros2_workspace/install/sonar_slam_description/bin'
[2.246s] INFO:colcon.colcon_core.shell:Creating package script '/home/pulak/ros2_workspace/install/sonar_slam_description/share/sonar_slam_description/package.ps1'
[2.246s] INFO:colcon.colcon_core.shell:Creating package descriptor '/home/pulak/ros2_workspace/install/sonar_slam_description/share/sonar_slam_description/package.dsv'
[2.247s] INFO:colcon.colcon_core.shell:Creating package script '/home/pulak/ros2_workspace/install/sonar_slam_description/share/sonar_slam_description/package.sh'
[2.247s] INFO:colcon.colcon_core.shell:Creating package script '/home/pulak/ros2_workspace/install/sonar_slam_description/share/sonar_slam_description/package.bash'
[2.247s] INFO:colcon.colcon_core.shell:Creating package script '/home/pulak/ros2_workspace/install/sonar_slam_description/share/sonar_slam_description/package.zsh'
[2.248s] Level 1:colcon.colcon_core.environment:create_file_with_runtime_dependencies(/home/pulak/ros2_workspace/install/sonar_slam_description/share/colcon-core/packages/sonar_slam_description)
[2.264s] Level 1:colcon.colcon_core.environment:create_environment_scripts_only(sonar_slam_bringup)
[2.280s] Level 1:colcon.colcon_core.environment:checking '/home/pulak/ros2_workspace/install/sonar_slam_bringup' for CMake module files
[2.281s] Level 1:colcon.colcon_core.environment:checking '/home/pulak/ros2_workspace/install/sonar_slam_bringup' for CMake config files
[2.281s] Level 1:colcon.colcon_core.shell:create_environment_hook('sonar_slam_bringup', 'cmake_prefix_path')
[2.296s] INFO:colcon.colcon_core.shell:Creating environment hook '/home/pulak/ros2_workspace/install/sonar_slam_bringup/share/sonar_slam_bringup/hook/cmake_prefix_path.ps1'
[2.296s] INFO:colcon.colcon_core.shell:Creating environment descriptor '/home/pulak/ros2_workspace/install/sonar_slam_bringup/share/sonar_slam_bringup/hook/cmake_prefix_path.dsv'
[2.297s] INFO:colcon.colcon_core.shell:Creating environment hook '/home/pulak/ros2_workspace/install/sonar_slam_bringup/share/sonar_slam_bringup/hook/cmake_prefix_path.sh'
[2.297s] Level 1:colcon.colcon_core.environment:checking '/home/pulak/ros2_workspace/install/sonar_slam_bringup/bin'
[2.297s] Level 1:colcon.colcon_core.environment:checking '/home/pulak/ros2_workspace/install/sonar_slam_bringup/lib/pkgconfig/sonar_slam_bringup.pc'
[2.298s] Level 1:colcon.colcon_core.environment:checking '/home/pulak/ros2_workspace/install/sonar_slam_bringup/lib/python3.10/site-packages'
[2.298s] Level 1:colcon.colcon_core.environment:checking '/home/pulak/ros2_workspace/install/sonar_slam_bringup/bin'
[2.315s] INFO:colcon.colcon_core.shell:Creating package script '/home/pulak/ros2_workspace/install/sonar_slam_bringup/share/sonar_slam_bringup/package.ps1'
[2.315s] INFO:colcon.colcon_core.shell:Creating package descriptor '/home/pulak/ros2_workspace/install/sonar_slam_bringup/share/sonar_slam_bringup/package.dsv'
[2.316s] INFO:colcon.colcon_core.shell:Creating package script '/home/pulak/ros2_workspace/install/sonar_slam_bringup/share/sonar_slam_bringup/package.sh'
[2.316s] INFO:colcon.colcon_core.shell:Creating package script '/home/pulak/ros2_workspace/install/sonar_slam_bringup/share/sonar_slam_bringup/package.bash'
[2.317s] INFO:colcon.colcon_core.shell:Creating package script '/home/pulak/ros2_workspace/install/sonar_slam_bringup/share/sonar_slam_bringup/package.zsh'
[2.317s] Level 1:colcon.colcon_core.environment:create_file_with_runtime_dependencies(/home/pulak/ros2_workspace/install/sonar_slam_bringup/share/colcon-core/packages/sonar_slam_bringup)
[2.335s] Level 1:colcon.colcon_core.environment:create_environment_scripts_only(sonar_slam_description)
[2.352s] Level 1:colcon.colcon_core.environment:checking '/home/pulak/ros2_workspace/install/sonar_slam_description' for CMake module files
[2.353s] Level 1:colcon.colcon_core.environment:checking '/home/pulak/ros2_workspace/install/sonar_slam_description' for CMake config files
[2.353s] Level 1:colcon.colcon_core.shell:create_environment_hook('sonar_slam_description', 'cmake_prefix_path')
[2.370s] INFO:colcon.colcon_core.shell:Creating environment hook '/home/pulak/ros2_workspace/install/sonar_slam_description/share/sonar_slam_description/hook/cmake_prefix_path.ps1'
[2.370s] INFO:colcon.colcon_core.shell:Creating environment descriptor '/home/pulak/ros2_workspace/install/sonar_slam_description/share/sonar_slam_description/hook/cmake_prefix_path.dsv'
[2.371s] INFO:colcon.colcon_core.shell:Creating environment hook '/home/pulak/ros2_workspace/install/sonar_slam_description/share/sonar_slam_description/hook/cmake_prefix_path.sh'
[2.371s] Level 1:colcon.colcon_core.environment:checking '/home/pulak/ros2_workspace/install/sonar_slam_description/bin'
[2.371s] Level 1:colcon.colcon_core.environment:checking '/home/pulak/ros2_workspace/install/sonar_slam_description/lib/pkgconfig/sonar_slam_description.pc'
[2.371s] Level 1:colcon.colcon_core.environment:checking '/home/pulak/ros2_workspace/install/sonar_slam_description/lib/python3.10/site-packages'
[2.372s] Level 1:colcon.colcon_core.environment:checking '/home/pulak/ros2_workspace/install/sonar_slam_description/bin'
[2.404s] INFO:colcon.colcon_core.shell:Creating package script '/home/pulak/ros2_workspace/install/sonar_slam_description/share/sonar_slam_description/package.ps1'
[2.404s] INFO:colcon.colcon_core.shell:Creating package descriptor '/home/pulak/ros2_workspace/install/sonar_slam_description/share/sonar_slam_description/package.dsv'
[2.405s] INFO:colcon.colcon_core.shell:Creating package script '/home/pulak/ros2_workspace/install/sonar_slam_description/share/sonar_slam_description/package.sh'
[2.405s] INFO:colcon.colcon_core.shell:Creating package script '/home/pulak/ros2_workspace/install/sonar_slam_description/share/sonar_slam_description/package.bash'
[2.406s] INFO:colcon.colcon_core.shell:Creating package script '/home/pulak/ros2_workspace/install/sonar_slam_description/share/sonar_slam_description/package.zsh'
[2.406s] Level 1:colcon.colcon_core.environment:create_file_with_runtime_dependencies(/home/pulak/ros2_workspace/install/sonar_slam_description/share/colcon-core/packages/sonar_slam_description)
[2.406s] DEBUG:colcon.colcon_parallel_executor.executor.parallel:closing loop
[2.407s] DEBUG:colcon.colcon_parallel_executor.executor.parallel:loop closed
[2.407s] DEBUG:colcon.colcon_parallel_executor.executor.parallel:run_until_complete finished with '0'
[2.407s] DEBUG:colcon.colcon_core.event_reactor:joining thread
[2.463s] INFO:colcon.colcon_core.plugin_system:Skipping extension 'colcon_notification.desktop_notification.terminal_notifier': Not used on non-Darwin systems
[2.463s] INFO:colcon.colcon_core.plugin_system:Skipping extension 'colcon_notification.desktop_notification.win32': Not used on non-Windows systems
[2.463s] INFO:colcon.colcon_notification.desktop_notification:Sending desktop notification using 'notify2'
[2.490s] DEBUG:colcon.colcon_core.event_reactor:joined thread
[2.508s] INFO:colcon.colcon_core.shell:Creating prefix script '/home/pulak/ros2_workspace/install/local_setup.ps1'
[2.509s] INFO:colcon.colcon_core.shell:Creating prefix util module '/home/pulak/ros2_workspace/install/_local_setup_util_ps1.py'
[2.510s] INFO:colcon.colcon_core.shell:Creating prefix chain script '/home/pulak/ros2_workspace/install/setup.ps1'
[2.526s] INFO:colcon.colcon_core.shell:Creating prefix script '/home/pulak/ros2_workspace/install/local_setup.sh'
[2.527s] INFO:colcon.colcon_core.shell:Creating prefix util module '/home/pulak/ros2_workspace/install/_local_setup_util_sh.py'
[2.527s] INFO:colcon.colcon_core.shell:Creating prefix chain script '/home/pulak/ros2_workspace/install/setup.sh'
[2.543s] INFO:colcon.colcon_core.shell:Creating prefix script '/home/pulak/ros2_workspace/install/local_setup.bash'
[2.544s] INFO:colcon.colcon_core.shell:Creating prefix chain script '/home/pulak/ros2_workspace/install/setup.bash'
[2.560s] INFO:colcon.colcon_core.shell:Creating prefix script '/home/pulak/ros2_workspace/install/local_setup.zsh'
[2.560s] INFO:colcon.colcon_core.shell:Creating prefix chain script '/home/pulak/ros2_workspace/install/setup.zsh'
