[0.073s] Invoking command in '/home/pulak/ros2_workspace/build/sonar_slam_bringup': CMAKE_PREFIX_PATH=/home/pulak/ros2_workspace/install/sonar_slam_description:/home/pulak/ros2_workspace/install/sonar_slam_bringup:/opt/ros/humble /usr/bin/cmake --build /home/pulak/ros2_workspace/build/sonar_slam_bringup -- -j8 -l8
[0.135s] -- Found ament_cmake: 1.3.5 (/opt/ros/humble/share/ament_cmake/cmake)
[0.296s] -- Override CMake install command with custom implementation using symlinks instead of copying resources
[0.398s] -- Configuring done
[0.407s] -- Generating done
[0.411s] -- Build files have been written to: /home/pulak/ros2_workspace/build/sonar_slam_bringup
[0.444s] Invoked command in '/home/pulak/ros2_workspace/build/sonar_slam_bringup' returned '0': CMAKE_PREFIX_PATH=/home/pulak/ros2_workspace/install/sonar_slam_description:/home/pulak/ros2_workspace/install/sonar_slam_bringup:/opt/ros/humble /usr/bin/cmake --build /home/pulak/ros2_workspace/build/sonar_slam_bringup -- -j8 -l8
[0.507s] Invoking command in '/home/pulak/ros2_workspace/build/sonar_slam_bringup': CMAKE_PREFIX_PATH=/home/pulak/ros2_workspace/install/sonar_slam_description:/home/pulak/ros2_workspace/install/sonar_slam_bringup:/opt/ros/humble /usr/bin/cmake --install /home/pulak/ros2_workspace/build/sonar_slam_bringup
[0.529s] -- Install configuration: ""
[0.530s] -- Execute custom install script
[0.531s] -- Up-to-date symlink: /home/pulak/ros2_workspace/install/sonar_slam_bringup/share/sonar_slam_bringup//launch/sonar_slam_gazebo.launch.xml
[0.532s] -- Up-to-date symlink: /home/pulak/ros2_workspace/install/sonar_slam_bringup/share/sonar_slam_bringup//rviz/sonar_slam_config.rviz
[0.533s] -- Symlinking: /home/pulak/ros2_workspace/install/sonar_slam_bringup/share/sonar_slam_bringup//worlds/world1.world
[0.562s] -- Up-to-date symlink: /home/pulak/ros2_workspace/install/sonar_slam_bringup/share/ament_index/resource_index/package_run_dependencies/sonar_slam_bringup
[0.562s] -- Up-to-date symlink: /home/pulak/ros2_workspace/install/sonar_slam_bringup/share/ament_index/resource_index/parent_prefix_path/sonar_slam_bringup
[0.563s] -- Up-to-date symlink: /home/pulak/ros2_workspace/install/sonar_slam_bringup/share/sonar_slam_bringup/environment/ament_prefix_path.sh
[0.563s] -- Up-to-date symlink: /home/pulak/ros2_workspace/install/sonar_slam_bringup/share/sonar_slam_bringup/environment/ament_prefix_path.dsv
[0.564s] -- Up-to-date symlink: /home/pulak/ros2_workspace/install/sonar_slam_bringup/share/sonar_slam_bringup/environment/path.sh
[0.564s] -- Up-to-date symlink: /home/pulak/ros2_workspace/install/sonar_slam_bringup/share/sonar_slam_bringup/environment/path.dsv
[0.565s] -- Up-to-date symlink: /home/pulak/ros2_workspace/install/sonar_slam_bringup/share/sonar_slam_bringup/local_setup.bash
[0.565s] -- Up-to-date symlink: /home/pulak/ros2_workspace/install/sonar_slam_bringup/share/sonar_slam_bringup/local_setup.sh
[0.566s] -- Up-to-date symlink: /home/pulak/ros2_workspace/install/sonar_slam_bringup/share/sonar_slam_bringup/local_setup.zsh
[0.566s] -- Up-to-date symlink: /home/pulak/ros2_workspace/install/sonar_slam_bringup/share/sonar_slam_bringup/local_setup.dsv
[0.566s] -- Symlinking: /home/pulak/ros2_workspace/install/sonar_slam_bringup/share/sonar_slam_bringup/package.dsv
[0.595s] -- Up-to-date symlink: /home/pulak/ros2_workspace/install/sonar_slam_bringup/share/ament_index/resource_index/packages/sonar_slam_bringup
[0.595s] -- Up-to-date symlink: /home/pulak/ros2_workspace/install/sonar_slam_bringup/share/sonar_slam_bringup/cmake/sonar_slam_bringupConfig.cmake
[0.596s] -- Up-to-date symlink: /home/pulak/ros2_workspace/install/sonar_slam_bringup/share/sonar_slam_bringup/cmake/sonar_slam_bringupConfig-version.cmake
[0.596s] -- Up-to-date symlink: /home/pulak/ros2_workspace/install/sonar_slam_bringup/share/sonar_slam_bringup/package.xml
[0.602s] Invoked command in '/home/pulak/ros2_workspace/build/sonar_slam_bringup' returned '0': CMAKE_PREFIX_PATH=/home/pulak/ros2_workspace/install/sonar_slam_description:/home/pulak/ros2_workspace/install/sonar_slam_bringup:/opt/ros/humble /usr/bin/cmake --install /home/pulak/ros2_workspace/build/sonar_slam_bringup
