-- Install configuration: ""
-- Execute custom install script
-- Up-to-date symlink: /home/pulak/ros2_workspace/install/sonar_slam_bringup/share/sonar_slam_bringup//launch/sonar_slam_gazebo.launch.xml
-- Up-to-date symlink: /home/pulak/ros2_workspace/install/sonar_slam_bringup/share/sonar_slam_bringup//rviz/sonar_slam_config.rviz
-- Symlinking: /home/pulak/ros2_workspace/install/sonar_slam_bringup/share/sonar_slam_bringup//worlds/first_world.world
-- Up-to-date symlink: /home/pulak/ros2_workspace/install/sonar_slam_bringup/share/ament_index/resource_index/package_run_dependencies/sonar_slam_bringup
-- Up-to-date symlink: /home/pulak/ros2_workspace/install/sonar_slam_bringup/share/ament_index/resource_index/parent_prefix_path/sonar_slam_bringup
-- Up-to-date symlink: /home/pulak/ros2_workspace/install/sonar_slam_bringup/share/sonar_slam_bringup/environment/ament_prefix_path.sh
-- Up-to-date symlink: /home/pulak/ros2_workspace/install/sonar_slam_bringup/share/sonar_slam_bringup/environment/ament_prefix_path.dsv
-- Up-to-date symlink: /home/pulak/ros2_workspace/install/sonar_slam_bringup/share/sonar_slam_bringup/environment/path.sh
-- Up-to-date symlink: /home/pulak/ros2_workspace/install/sonar_slam_bringup/share/sonar_slam_bringup/environment/path.dsv
-- Up-to-date symlink: /home/pulak/ros2_workspace/install/sonar_slam_bringup/share/sonar_slam_bringup/local_setup.bash
-- Up-to-date symlink: /home/pulak/ros2_workspace/install/sonar_slam_bringup/share/sonar_slam_bringup/local_setup.sh
-- Up-to-date symlink: /home/pulak/ros2_workspace/install/sonar_slam_bringup/share/sonar_slam_bringup/local_setup.zsh
-- Up-to-date symlink: /home/pulak/ros2_workspace/install/sonar_slam_bringup/share/sonar_slam_bringup/local_setup.dsv
-- Symlinking: /home/pulak/ros2_workspace/install/sonar_slam_bringup/share/sonar_slam_bringup/package.dsv
-- Up-to-date symlink: /home/pulak/ros2_workspace/install/sonar_slam_bringup/share/ament_index/resource_index/packages/sonar_slam_bringup
-- Up-to-date symlink: /home/pulak/ros2_workspace/install/sonar_slam_bringup/share/sonar_slam_bringup/cmake/sonar_slam_bringupConfig.cmake
-- Up-to-date symlink: /home/pulak/ros2_workspace/install/sonar_slam_bringup/share/sonar_slam_bringup/cmake/sonar_slam_bringupConfig-version.cmake
-- Up-to-date symlink: /home/pulak/ros2_workspace/install/sonar_slam_bringup/share/sonar_slam_bringup/package.xml
