[0.078s] Invoking command in '/home/pulak/ros2_workspace/build/sonar_slam_description': CMAKE_PREFIX_PATH=${CMAKE_PREFIX_PATH}:/opt/ros/humble /usr/bin/cmake /home/pulak/ros2_workspace/src/sonar_slam_description -DCMAKE_INSTALL_PREFIX=/home/pulak/ros2_workspace/install/sonar_slam_description
[0.091s] -- Found ament_cmake: 1.3.5 (/opt/ros/humble/share/ament_cmake/cmake)
[0.263s] -- Override CMake install command with custom implementation using symlinks instead of copying resources
[0.354s] -- Configuring done
[0.359s] -- Generating done
[0.360s] -- Build files have been written to: /home/pulak/ros2_workspace/build/sonar_slam_description
[0.364s] Invoked command in '/home/pulak/ros2_workspace/build/sonar_slam_description' returned '0': CMAKE_PREFIX_PATH=${CMAKE_PREFIX_PATH}:/opt/ros/humble /usr/bin/cmake /home/pulak/ros2_workspace/src/sonar_slam_description -DCMAKE_INSTALL_PREFIX=/home/pulak/ros2_workspace/install/sonar_slam_description
[0.367s] Invoking command in '/home/pulak/ros2_workspace/build/sonar_slam_description': CMAKE_PREFIX_PATH=${CMAKE_PREFIX_PATH}:/opt/ros/humble /usr/bin/cmake --build /home/pulak/ros2_workspace/build/sonar_slam_description -- -j8 -l8
[0.419s] Invoked command in '/home/pulak/ros2_workspace/build/sonar_slam_description' returned '0': CMAKE_PREFIX_PATH=${CMAKE_PREFIX_PATH}:/opt/ros/humble /usr/bin/cmake --build /home/pulak/ros2_workspace/build/sonar_slam_description -- -j8 -l8
[0.461s] Invoking command in '/home/pulak/ros2_workspace/build/sonar_slam_description': CMAKE_PREFIX_PATH=${CMAKE_PREFIX_PATH}:/opt/ros/humble /usr/bin/cmake --install /home/pulak/ros2_workspace/build/sonar_slam_description
[0.471s] -- Install configuration: ""
[0.472s] -- Execute custom install script
[0.472s] -- Up-to-date symlink: /home/pulak/ros2_workspace/install/sonar_slam_description/share/sonar_slam_description//urdf/sonar_slam.urdf
[0.472s] -- Up-to-date symlink: /home/pulak/ros2_workspace/install/sonar_slam_description/share/sonar_slam_description//launch/display.launch.xml
[0.472s] -- Up-to-date symlink: /home/pulak/ros2_workspace/install/sonar_slam_description/share/sonar_slam_description//rviz/sonar_slam_config.rviz
[0.473s] -- Up-to-date symlink: /home/pulak/ros2_workspace/install/sonar_slam_description/share/ament_index/resource_index/package_run_dependencies/sonar_slam_description
[0.473s] -- Up-to-date symlink: /home/pulak/ros2_workspace/install/sonar_slam_description/share/ament_index/resource_index/parent_prefix_path/sonar_slam_description
[0.473s] -- Up-to-date symlink: /home/pulak/ros2_workspace/install/sonar_slam_description/share/sonar_slam_description/environment/ament_prefix_path.sh
[0.473s] -- Up-to-date symlink: /home/pulak/ros2_workspace/install/sonar_slam_description/share/sonar_slam_description/environment/ament_prefix_path.dsv
[0.473s] -- Up-to-date symlink: /home/pulak/ros2_workspace/install/sonar_slam_description/share/sonar_slam_description/environment/path.sh
[0.474s] -- Up-to-date symlink: /home/pulak/ros2_workspace/install/sonar_slam_description/share/sonar_slam_description/environment/path.dsv
[0.474s] -- Up-to-date symlink: /home/pulak/ros2_workspace/install/sonar_slam_description/share/sonar_slam_description/local_setup.bash
[0.474s] -- Up-to-date symlink: /home/pulak/ros2_workspace/install/sonar_slam_description/share/sonar_slam_description/local_setup.sh
[0.475s] -- Up-to-date symlink: /home/pulak/ros2_workspace/install/sonar_slam_description/share/sonar_slam_description/local_setup.zsh
[0.475s] -- Up-to-date symlink: /home/pulak/ros2_workspace/install/sonar_slam_description/share/sonar_slam_description/local_setup.dsv
[0.475s] -- Symlinking: /home/pulak/ros2_workspace/install/sonar_slam_description/share/sonar_slam_description/package.dsv
[0.487s] -- Up-to-date symlink: /home/pulak/ros2_workspace/install/sonar_slam_description/share/ament_index/resource_index/packages/sonar_slam_description
[0.487s] -- Up-to-date symlink: /home/pulak/ros2_workspace/install/sonar_slam_description/share/sonar_slam_description/cmake/sonar_slam_descriptionConfig.cmake
[0.487s] -- Up-to-date symlink: /home/pulak/ros2_workspace/install/sonar_slam_description/share/sonar_slam_description/cmake/sonar_slam_descriptionConfig-version.cmake
[0.488s] -- Up-to-date symlink: /home/pulak/ros2_workspace/install/sonar_slam_description/share/sonar_slam_description/package.xml
[0.491s] Invoked command in '/home/pulak/ros2_workspace/build/sonar_slam_description' returned '0': CMAKE_PREFIX_PATH=${CMAKE_PREFIX_PATH}:/opt/ros/humble /usr/bin/cmake --install /home/pulak/ros2_workspace/build/sonar_slam_description
