[0.829s] Invoking command in '/home/pulak/ros2_workspace/src/my_first_robot': PYTHONPATH=/home/pulak/ros2_workspace/build/my_first_robot/prefix_override:/home/pulak/ros2_workspace/install/my_first_robot/lib/python3.10/site-packages:${PYTHONPATH} /usr/bin/python3 setup.py egg_info --egg-base ../../build/my_first_robot build --build-base /home/pulak/ros2_workspace/build/my_first_robot/build install --record /home/pulak/ros2_workspace/build/my_first_robot/install.log --single-version-externally-managed
[1.060s] running egg_info
[1.061s] creating ../../build/my_first_robot/my_first_robot.egg-info
[1.061s] writing ../../build/my_first_robot/my_first_robot.egg-info/PKG-INFO
[1.061s] writing dependency_links to ../../build/my_first_robot/my_first_robot.egg-info/dependency_links.txt
[1.062s] writing entry points to ../../build/my_first_robot/my_first_robot.egg-info/entry_points.txt
[1.062s] writing requirements to ../../build/my_first_robot/my_first_robot.egg-info/requires.txt
[1.062s] writing top-level names to ../../build/my_first_robot/my_first_robot.egg-info/top_level.txt
[1.062s] writing manifest file '../../build/my_first_robot/my_first_robot.egg-info/SOURCES.txt'
[1.064s] reading manifest file '../../build/my_first_robot/my_first_robot.egg-info/SOURCES.txt'
[1.064s] writing manifest file '../../build/my_first_robot/my_first_robot.egg-info/SOURCES.txt'
[1.065s] running build
[1.065s] running build_py
[1.065s] creating /home/pulak/ros2_workspace/build/my_first_robot/build
[1.065s] creating /home/pulak/ros2_workspace/build/my_first_robot/build/lib
[1.065s] creating /home/pulak/ros2_workspace/build/my_first_robot/build/lib/my_first_robot
[1.066s] copying my_first_robot/__init__.py -> /home/pulak/ros2_workspace/build/my_first_robot/build/lib/my_first_robot
[1.066s] running install
[1.066s] /usr/lib/python3/dist-packages/setuptools/command/install.py:34: SetuptoolsDeprecationWarning: setup.py install is deprecated. Use build and pip and other standards-based tools.
[1.066s]   warnings.warn(
[1.066s] running install_lib
[1.066s] creating /home/pulak/ros2_workspace/install/my_first_robot/lib/python3.10/site-packages/my_first_robot
[1.067s] copying /home/pulak/ros2_workspace/build/my_first_robot/build/lib/my_first_robot/__init__.py -> /home/pulak/ros2_workspace/install/my_first_robot/lib/python3.10/site-packages/my_first_robot
[1.067s] byte-compiling /home/pulak/ros2_workspace/install/my_first_robot/lib/python3.10/site-packages/my_first_robot/__init__.py to __init__.cpython-310.pyc
[1.067s] running install_data
[1.068s] creating /home/pulak/ros2_workspace/install/my_first_robot/share/ament_index
[1.068s] creating /home/pulak/ros2_workspace/install/my_first_robot/share/ament_index/resource_index
[1.068s] creating /home/pulak/ros2_workspace/install/my_first_robot/share/ament_index/resource_index/packages
[1.068s] copying resource/my_first_robot -> /home/pulak/ros2_workspace/install/my_first_robot/share/ament_index/resource_index/packages
[1.068s] copying package.xml -> /home/pulak/ros2_workspace/install/my_first_robot/share/my_first_robot
[1.068s] running install_egg_info
[1.070s] Copying ../../build/my_first_robot/my_first_robot.egg-info to /home/pulak/ros2_workspace/install/my_first_robot/lib/python3.10/site-packages/my_first_robot-0.0.0-py3.10.egg-info
[1.071s] running install_scripts
[1.093s] writing list of installed files to '/home/pulak/ros2_workspace/build/my_first_robot/install.log'
[1.125s] Invoked command in '/home/pulak/ros2_workspace/src/my_first_robot' returned '0': PYTHONPATH=/home/pulak/ros2_workspace/build/my_first_robot/prefix_override:/home/pulak/ros2_workspace/install/my_first_robot/lib/python3.10/site-packages:${PYTHONPATH} /usr/bin/python3 setup.py egg_info --egg-base ../../build/my_first_robot build --build-base /home/pulak/ros2_workspace/build/my_first_robot/build install --record /home/pulak/ros2_workspace/build/my_first_robot/install.log --single-version-externally-managed
