[0.078s] Invoking command in '/home/pulak/ros2_workspace/build/sonar_slam_description': CMAKE_PREFIX_PATH=${CMAKE_PREFIX_PATH}:/opt/ros/humble /usr/bin/cmake --build /home/pulak/ros2_workspace/build/sonar_slam_description -- -j8 -l8
[0.144s] Invoked command in '/home/pulak/ros2_workspace/build/sonar_slam_description' returned '0': CMAKE_PREFIX_PATH=${CMAKE_PREFIX_PATH}:/opt/ros/humble /usr/bin/cmake --build /home/pulak/ros2_workspace/build/sonar_slam_description -- -j8 -l8
[0.186s] Invoking command in '/home/pulak/ros2_workspace/build/sonar_slam_description': CMAKE_PREFIX_PATH=${CMAKE_PREFIX_PATH}:/opt/ros/humble /usr/bin/cmake --install /home/pulak/ros2_workspace/build/sonar_slam_description
[0.197s] -- Install configuration: ""
[0.197s] -- Execute custom install script
[0.198s] -- Up-to-date symlink: /home/pulak/ros2_workspace/install/sonar_slam_description/share/sonar_slam_description//urdf/sonar_slam.urdf
[0.198s] -- Up-to-date symlink: /home/pulak/ros2_workspace/install/sonar_slam_description/share/sonar_slam_description//launch/display.launch.xml
[0.198s] -- Up-to-date symlink: /home/pulak/ros2_workspace/install/sonar_slam_description/share/sonar_slam_description//rviz/sonar_slam_config.rviz
[0.198s] -- Up-to-date symlink: /home/pulak/ros2_workspace/install/sonar_slam_description/share/ament_index/resource_index/package_run_dependencies/sonar_slam_description
[0.198s] -- Up-to-date symlink: /home/pulak/ros2_workspace/install/sonar_slam_description/share/ament_index/resource_index/parent_prefix_path/sonar_slam_description
[0.199s] -- Up-to-date symlink: /home/pulak/ros2_workspace/install/sonar_slam_description/share/sonar_slam_description/environment/ament_prefix_path.sh
[0.199s] -- Up-to-date symlink: /home/pulak/ros2_workspace/install/sonar_slam_description/share/sonar_slam_description/environment/ament_prefix_path.dsv
[0.199s] -- Up-to-date symlink: /home/pulak/ros2_workspace/install/sonar_slam_description/share/sonar_slam_description/environment/path.sh
[0.199s] -- Up-to-date symlink: /home/pulak/ros2_workspace/install/sonar_slam_description/share/sonar_slam_description/environment/path.dsv
[0.199s] -- Up-to-date symlink: /home/pulak/ros2_workspace/install/sonar_slam_description/share/sonar_slam_description/local_setup.bash
[0.200s] -- Up-to-date symlink: /home/pulak/ros2_workspace/install/sonar_slam_description/share/sonar_slam_description/local_setup.sh
[0.200s] -- Up-to-date symlink: /home/pulak/ros2_workspace/install/sonar_slam_description/share/sonar_slam_description/local_setup.zsh
[0.200s] -- Up-to-date symlink: /home/pulak/ros2_workspace/install/sonar_slam_description/share/sonar_slam_description/local_setup.dsv
[0.200s] -- Symlinking: /home/pulak/ros2_workspace/install/sonar_slam_description/share/sonar_slam_description/package.dsv
[0.212s] -- Up-to-date symlink: /home/pulak/ros2_workspace/install/sonar_slam_description/share/ament_index/resource_index/packages/sonar_slam_description
[0.212s] -- Up-to-date symlink: /home/pulak/ros2_workspace/install/sonar_slam_description/share/sonar_slam_description/cmake/sonar_slam_descriptionConfig.cmake
[0.213s] -- Up-to-date symlink: /home/pulak/ros2_workspace/install/sonar_slam_description/share/sonar_slam_description/cmake/sonar_slam_descriptionConfig-version.cmake
[0.213s] -- Up-to-date symlink: /home/pulak/ros2_workspace/install/sonar_slam_description/share/sonar_slam_description/package.xml
[0.216s] Invoked command in '/home/pulak/ros2_workspace/build/sonar_slam_description' returned '0': CMAKE_PREFIX_PATH=${CMAKE_PREFIX_PATH}:/opt/ros/humble /usr/bin/cmake --install /home/pulak/ros2_workspace/build/sonar_slam_description
